[3.555s] Invoking command in '/home/chen/Laser/LaserTracking/ros2_ws/src/picar_control': PYTHONPATH=/home/chen/Laser/LaserTracking/ros2_ws/build/picar_control/prefix_override:/usr/lib/python3/dist-packages/colcon_core/task/python/colcon_distutils_commands:/home/chen/Laser/LaserTracking/ros2_ws/install/picar_control/lib/python3.10/site-packages:${PYTHONPATH} /usr/bin/python3 -W ignore:setup.py install is deprecated -W ignore:easy_install command is deprecated setup.py egg_info --egg-base ../../build/picar_control build --build-base /home/chen/Laser/LaserTracking/ros2_ws/build/picar_control/build install --record /home/chen/Laser/LaserTracking/ros2_ws/build/picar_control/install.log --single-version-externally-managed install_data
[4.643s] running egg_info
[4.713s] writing ../../build/picar_control/picar_control.egg-info/PKG-INFO
[4.715s] writing dependency_links to ../../build/picar_control/picar_control.egg-info/dependency_links.txt
[4.716s] writing entry points to ../../build/picar_control/picar_control.egg-info/entry_points.txt
[4.718s] writing requirements to ../../build/picar_control/picar_control.egg-info/requires.txt
[4.718s] writing top-level names to ../../build/picar_control/picar_control.egg-info/top_level.txt
[4.868s] reading manifest file '../../build/picar_control/picar_control.egg-info/SOURCES.txt'
[4.898s] writing manifest file '../../build/picar_control/picar_control.egg-info/SOURCES.txt'
[4.901s] running build
[4.902s] running build_py
[4.903s] copying picar_control/camera_publisher.py -> /home/chen/Laser/LaserTracking/ros2_ws/build/picar_control/build/lib/picar_control
[4.904s] copying picar_control/lidar_publisher.py -> /home/chen/Laser/LaserTracking/ros2_ws/build/picar_control/build/lib/picar_control
[4.906s] running install
[4.928s] running install_lib
[5.005s] copying /home/chen/Laser/LaserTracking/ros2_ws/build/picar_control/build/lib/picar_control/camera_publisher.py -> /home/chen/Laser/LaserTracking/ros2_ws/install/picar_control/lib/python3.10/site-packages/picar_control
[5.007s] copying /home/chen/Laser/LaserTracking/ros2_ws/build/picar_control/build/lib/picar_control/lidar_publisher.py -> /home/chen/Laser/LaserTracking/ros2_ws/install/picar_control/lib/python3.10/site-packages/picar_control
[5.010s] byte-compiling /home/chen/Laser/LaserTracking/ros2_ws/install/picar_control/lib/python3.10/site-packages/picar_control/camera_publisher.py to camera_publisher.cpython-310.pyc
[5.014s] byte-compiling /home/chen/Laser/LaserTracking/ros2_ws/install/picar_control/lib/python3.10/site-packages/picar_control/lidar_publisher.py to lidar_publisher.cpython-310.pyc
[5.018s] running install_data
[5.019s] running install_egg_info
[5.106s] removing '/home/chen/Laser/LaserTracking/ros2_ws/install/picar_control/lib/python3.10/site-packages/picar_control-0.0.0-py3.10.egg-info' (and everything under it)
[5.108s] Copying ../../build/picar_control/picar_control.egg-info to /home/chen/Laser/LaserTracking/ros2_ws/install/picar_control/lib/python3.10/site-packages/picar_control-0.0.0-py3.10.egg-info
[5.116s] running install_scripts
[5.935s] Installing camera_publisher script to /home/chen/Laser/LaserTracking/ros2_ws/install/picar_control/lib/picar_control
[5.936s] Installing camera_servo_subscriber script to /home/chen/Laser/LaserTracking/ros2_ws/install/picar_control/lib/picar_control
[5.938s] Installing laser_tracker script to /home/chen/Laser/LaserTracking/ros2_ws/install/picar_control/lib/picar_control
[5.939s] Installing lidar_publisher script to /home/chen/Laser/LaserTracking/ros2_ws/install/picar_control/lib/picar_control
[5.940s] Installing motor_subscriber script to /home/chen/Laser/LaserTracking/ros2_ws/install/picar_control/lib/picar_control
[5.941s] Installing obstacle_avoidance script to /home/chen/Laser/LaserTracking/ros2_ws/install/picar_control/lib/picar_control
[5.942s] Installing steer_servo_subscriber script to /home/chen/Laser/LaserTracking/ros2_ws/install/picar_control/lib/picar_control
[5.944s] writing list of installed files to '/home/chen/Laser/LaserTracking/ros2_ws/build/picar_control/install.log'
[6.078s] Invoked command in '/home/chen/Laser/LaserTracking/ros2_ws/src/picar_control' returned '0': PYTHONPATH=/home/chen/Laser/LaserTracking/ros2_ws/build/picar_control/prefix_override:/usr/lib/python3/dist-packages/colcon_core/task/python/colcon_distutils_commands:/home/chen/Laser/LaserTracking/ros2_ws/install/picar_control/lib/python3.10/site-packages:${PYTHONPATH} /usr/bin/python3 -W ignore:setup.py install is deprecated -W ignore:easy_install command is deprecated setup.py egg_info --egg-base ../../build/picar_control build --build-base /home/chen/Laser/LaserTracking/ros2_ws/build/picar_control/build install --record /home/chen/Laser/LaserTracking/ros2_ws/build/picar_control/install.log --single-version-externally-managed install_data
