[1.281s] DEBUG:colcon:Command line arguments: ['/usr/bin/colcon', 'build']
[1.282s] DEBUG:colcon:Parsed command line arguments: Namespace(log_base=None, log_level=None, verb_name='build', build_base='build', install_base='install', merge_install=False, symlink_install=False, test_result_base=None, continue_on_error=False, executor='parallel', parallel_workers=4, event_handlers=None, ignore_user_meta=False, metas=['./colcon.meta'], base_paths=['.'], packages_ignore=None, packages_ignore_regex=None, paths=None, packages_up_to=None, packages_up_to_regex=None, packages_above=None, packages_above_and_dependencies=None, packages_above_depth=None, packages_select_by_dep=None, packages_skip_by_dep=None, packages_skip_up_to=None, packages_select_build_failed=False, packages_skip_build_finished=False, packages_select_test_failures=False, packages_skip_test_passed=False, packages_select=None, packages_skip=None, packages_select_regex=None, packages_skip_regex=None, packages_start=None, packages_end=None, allow_overriding=[], cmake_args=None, cmake_target=None, cmake_target_skip_unavailable=False, cmake_clean_cache=False, cmake_clean_first=False, cmake_force_configure=False, ament_cmake_args=None, catkin_cmake_args=None, catkin_skip_building_tests=False, verb_parser=<colcon_defaults.argument_parser.defaults.DefaultArgumentsDecorator object at 0xffff84d1fd60>, verb_extension=<colcon_core.verb.build.BuildVerb object at 0xffff84f01210>, main=<bound method BuildVerb.main of <colcon_core.verb.build.BuildVerb object at 0xffff84f01210>>)
[1.567s] Level 1:colcon.colcon_core.package_discovery:discover_packages(colcon_meta) check parameters
[1.568s] Level 1:colcon.colcon_core.package_discovery:discover_packages(recursive) check parameters
[1.568s] Level 1:colcon.colcon_core.package_discovery:discover_packages(ignore) check parameters
[1.568s] Level 1:colcon.colcon_core.package_discovery:discover_packages(path) check parameters
[1.569s] Level 1:colcon.colcon_core.package_discovery:discover_packages(colcon_meta) discover
[1.569s] Level 1:colcon.colcon_core.package_discovery:discover_packages(recursive) discover
[1.569s] INFO:colcon.colcon_core.package_discovery:Crawling recursively for packages in '/home/chen/Laser/LaserTracking/ros2_ws'
[1.569s] Level 1:colcon.colcon_core.package_identification:_identify(.) by extensions ['ignore', 'ignore_ament_install']
[1.570s] Level 1:colcon.colcon_core.package_identification:_identify(.) by extension 'ignore'
[1.570s] Level 1:colcon.colcon_core.package_identification:_identify(.) by extension 'ignore_ament_install'
[1.571s] Level 1:colcon.colcon_core.package_identification:_identify(.) by extensions ['colcon_pkg']
[1.571s] Level 1:colcon.colcon_core.package_identification:_identify(.) by extension 'colcon_pkg'
[1.571s] Level 1:colcon.colcon_core.package_identification:_identify(.) by extensions ['colcon_meta']
[1.571s] Level 1:colcon.colcon_core.package_identification:_identify(.) by extension 'colcon_meta'
[1.571s] Level 1:colcon.colcon_core.package_identification:_identify(.) by extensions ['ros']
[1.572s] Level 1:colcon.colcon_core.package_identification:_identify(.) by extension 'ros'
[1.667s] Level 1:colcon.colcon_core.package_identification:_identify(.) by extensions ['cmake', 'python']
[1.667s] Level 1:colcon.colcon_core.package_identification:_identify(.) by extension 'cmake'
[1.668s] Level 1:colcon.colcon_core.package_identification:_identify(.) by extension 'python'
[1.669s] Level 1:colcon.colcon_core.package_identification:_identify(.) by extensions ['python_setup_py']
[1.669s] Level 1:colcon.colcon_core.package_identification:_identify(.) by extension 'python_setup_py'
[1.670s] Level 1:colcon.colcon_core.package_identification:_identify(build) by extensions ['ignore', 'ignore_ament_install']
[1.671s] Level 1:colcon.colcon_core.package_identification:_identify(build) by extension 'ignore'
[1.671s] Level 1:colcon.colcon_core.package_identification:_identify(build) ignored
[1.673s] Level 1:colcon.colcon_core.package_identification:_identify(install) by extensions ['ignore', 'ignore_ament_install']
[1.674s] Level 1:colcon.colcon_core.package_identification:_identify(install) by extension 'ignore'
[1.674s] Level 1:colcon.colcon_core.package_identification:_identify(install) ignored
[1.677s] Level 1:colcon.colcon_core.package_identification:_identify(log) by extensions ['ignore', 'ignore_ament_install']
[1.677s] Level 1:colcon.colcon_core.package_identification:_identify(log) by extension 'ignore'
[1.678s] Level 1:colcon.colcon_core.package_identification:_identify(log) ignored
[1.678s] Level 1:colcon.colcon_core.package_identification:_identify(src) by extensions ['ignore', 'ignore_ament_install']
[1.679s] Level 1:colcon.colcon_core.package_identification:_identify(src) by extension 'ignore'
[1.679s] Level 1:colcon.colcon_core.package_identification:_identify(src) by extension 'ignore_ament_install'
[1.680s] Level 1:colcon.colcon_core.package_identification:_identify(src) by extensions ['colcon_pkg']
[1.680s] Level 1:colcon.colcon_core.package_identification:_identify(src) by extension 'colcon_pkg'
[1.680s] Level 1:colcon.colcon_core.package_identification:_identify(src) by extensions ['colcon_meta']
[1.680s] Level 1:colcon.colcon_core.package_identification:_identify(src) by extension 'colcon_meta'
[1.681s] Level 1:colcon.colcon_core.package_identification:_identify(src) by extensions ['ros']
[1.681s] Level 1:colcon.colcon_core.package_identification:_identify(src) by extension 'ros'
[1.682s] Level 1:colcon.colcon_core.package_identification:_identify(src) by extensions ['cmake', 'python']
[1.682s] Level 1:colcon.colcon_core.package_identification:_identify(src) by extension 'cmake'
[1.682s] Level 1:colcon.colcon_core.package_identification:_identify(src) by extension 'python'
[1.683s] Level 1:colcon.colcon_core.package_identification:_identify(src) by extensions ['python_setup_py']
[1.683s] Level 1:colcon.colcon_core.package_identification:_identify(src) by extension 'python_setup_py'
[1.684s] Level 1:colcon.colcon_core.package_identification:_identify(src/picar_control) by extensions ['ignore', 'ignore_ament_install']
[1.684s] Level 1:colcon.colcon_core.package_identification:_identify(src/picar_control) by extension 'ignore'
[1.685s] Level 1:colcon.colcon_core.package_identification:_identify(src/picar_control) by extension 'ignore_ament_install'
[1.685s] Level 1:colcon.colcon_core.package_identification:_identify(src/picar_control) by extensions ['colcon_pkg']
[1.685s] Level 1:colcon.colcon_core.package_identification:_identify(src/picar_control) by extension 'colcon_pkg'
[1.685s] Level 1:colcon.colcon_core.package_identification:_identify(src/picar_control) by extensions ['colcon_meta']
[1.686s] Level 1:colcon.colcon_core.package_identification:_identify(src/picar_control) by extension 'colcon_meta'
[1.686s] Level 1:colcon.colcon_core.package_identification:_identify(src/picar_control) by extensions ['ros']
[1.686s] Level 1:colcon.colcon_core.package_identification:_identify(src/picar_control) by extension 'ros'
[1.702s] DEBUG:colcon.colcon_core.package_identification:Package 'src/picar_control' with type 'ros.ament_python' and name 'picar_control'
[1.702s] Level 1:colcon.colcon_core.package_discovery:discover_packages(recursive) using defaults
[1.702s] Level 1:colcon.colcon_core.package_discovery:discover_packages(ignore) discover
[1.703s] Level 1:colcon.colcon_core.package_discovery:discover_packages(ignore) using defaults
[1.703s] Level 1:colcon.colcon_core.package_discovery:discover_packages(path) discover
[1.703s] Level 1:colcon.colcon_core.package_discovery:discover_packages(path) using defaults
[1.833s] Level 1:colcon.colcon_core.package_discovery:discover_packages(prefix_path) check parameters
[1.833s] Level 1:colcon.colcon_core.package_discovery:discover_packages(prefix_path) discover
[1.855s] DEBUG:colcon.colcon_installed_package_information.package_discovery:Found 280 installed packages in /opt/ros/humble
[1.862s] Level 1:colcon.colcon_core.package_discovery:discover_packages(prefix_path) using defaults
[2.061s] Level 5:colcon.colcon_core.verb:set package 'picar_control' build argument 'cmake_args' from command line to 'None'
[2.062s] Level 5:colcon.colcon_core.verb:set package 'picar_control' build argument 'cmake_target' from command line to 'None'
[2.062s] Level 5:colcon.colcon_core.verb:set package 'picar_control' build argument 'cmake_target_skip_unavailable' from command line to 'False'
[2.062s] Level 5:colcon.colcon_core.verb:set package 'picar_control' build argument 'cmake_clean_cache' from command line to 'False'
[2.062s] Level 5:colcon.colcon_core.verb:set package 'picar_control' build argument 'cmake_clean_first' from command line to 'False'
[2.062s] Level 5:colcon.colcon_core.verb:set package 'picar_control' build argument 'cmake_force_configure' from command line to 'False'
[2.063s] Level 5:colcon.colcon_core.verb:set package 'picar_control' build argument 'ament_cmake_args' from command line to 'None'
[2.063s] Level 5:colcon.colcon_core.verb:set package 'picar_control' build argument 'catkin_cmake_args' from command line to 'None'
[2.063s] Level 5:colcon.colcon_core.verb:set package 'picar_control' build argument 'catkin_skip_building_tests' from command line to 'False'
[2.063s] DEBUG:colcon.colcon_core.verb:Building package 'picar_control' with the following arguments: {'ament_cmake_args': None, 'build_base': '/home/chen/Laser/LaserTracking/ros2_ws/build/picar_control', 'catkin_cmake_args': None, 'catkin_skip_building_tests': False, 'cmake_args': None, 'cmake_clean_cache': False, 'cmake_clean_first': False, 'cmake_force_configure': False, 'cmake_target': None, 'cmake_target_skip_unavailable': False, 'install_base': '/home/chen/Laser/LaserTracking/ros2_ws/install/picar_control', 'merge_install': False, 'path': '/home/chen/Laser/LaserTracking/ros2_ws/src/picar_control', 'symlink_install': False, 'test_result_base': None}
[2.064s] INFO:colcon.colcon_core.executor:Executing jobs using 'parallel' executor
[2.067s] DEBUG:colcon.colcon_parallel_executor.executor.parallel:run_until_complete
[2.068s] INFO:colcon.colcon_ros.task.ament_python.build:Building ROS package in '/home/chen/Laser/LaserTracking/ros2_ws/src/picar_control' with build type 'ament_python'
[2.068s] Level 1:colcon.colcon_core.shell:create_environment_hook('picar_control', 'ament_prefix_path')
[2.114s] INFO:colcon.colcon_core.plugin_system:Skipping extension 'colcon_core.shell.bat': Not used on non-Windows systems
[2.116s] INFO:colcon.colcon_core.shell:Creating environment hook '/home/chen/Laser/LaserTracking/ros2_ws/install/picar_control/share/picar_control/hook/ament_prefix_path.ps1'
[2.125s] INFO:colcon.colcon_core.shell:Creating environment descriptor '/home/chen/Laser/LaserTracking/ros2_ws/install/picar_control/share/picar_control/hook/ament_prefix_path.dsv'
[2.133s] INFO:colcon.colcon_core.shell:Creating environment hook '/home/chen/Laser/LaserTracking/ros2_ws/install/picar_control/share/picar_control/hook/ament_prefix_path.sh'
[2.141s] INFO:colcon.colcon_core.shell:Skip shell extension 'powershell' for command environment: Not usable outside of PowerShell
[2.141s] DEBUG:colcon.colcon_core.shell:Skip shell extension 'dsv' for command environment
[3.314s] INFO:colcon.colcon_core.task.python.build:Building Python package in '/home/chen/Laser/LaserTracking/ros2_ws/src/picar_control'
[3.315s] INFO:colcon.colcon_core.shell:Skip shell extension 'powershell' for command environment: Not usable outside of PowerShell
[3.316s] DEBUG:colcon.colcon_core.shell:Skip shell extension 'dsv' for command environment
[10.555s] DEBUG:colcon.colcon_core.event_handler.log_command:Invoking command in '/home/chen/Laser/LaserTracking/ros2_ws/src/picar_control': PYTHONPATH=/home/chen/Laser/LaserTracking/ros2_ws/build/picar_control/prefix_override:/usr/lib/python3/dist-packages/colcon_core/task/python/colcon_distutils_commands:/home/chen/Laser/LaserTracking/ros2_ws/install/picar_control/lib/python3.10/site-packages:${PYTHONPATH} /usr/bin/python3 -W ignore:setup.py install is deprecated -W ignore:easy_install command is deprecated setup.py egg_info --egg-base ../../build/picar_control build --build-base /home/chen/Laser/LaserTracking/ros2_ws/build/picar_control/build install --record /home/chen/Laser/LaserTracking/ros2_ws/build/picar_control/install.log --single-version-externally-managed install_data
[17.741s] DEBUG:colcon.colcon_core.event_handler.log_command:Invoked command in '/home/chen/Laser/LaserTracking/ros2_ws/src/picar_control' returned '0': PYTHONPATH=/home/chen/Laser/LaserTracking/ros2_ws/build/picar_control/prefix_override:/usr/lib/python3/dist-packages/colcon_core/task/python/colcon_distutils_commands:/home/chen/Laser/LaserTracking/ros2_ws/install/picar_control/lib/python3.10/site-packages:${PYTHONPATH} /usr/bin/python3 -W ignore:setup.py install is deprecated -W ignore:easy_install command is deprecated setup.py egg_info --egg-base ../../build/picar_control build --build-base /home/chen/Laser/LaserTracking/ros2_ws/build/picar_control/build install --record /home/chen/Laser/LaserTracking/ros2_ws/build/picar_control/install.log --single-version-externally-managed install_data
[17.784s] Level 1:colcon.colcon_core.environment:checking '/home/chen/Laser/LaserTracking/ros2_ws/install/picar_control' for CMake module files
[17.791s] Level 1:colcon.colcon_core.environment:checking '/home/chen/Laser/LaserTracking/ros2_ws/install/picar_control' for CMake config files
[17.800s] Level 1:colcon.colcon_core.environment:checking '/home/chen/Laser/LaserTracking/ros2_ws/install/picar_control/lib'
[17.802s] Level 1:colcon.colcon_core.environment:checking '/home/chen/Laser/LaserTracking/ros2_ws/install/picar_control/bin'
[17.802s] Level 1:colcon.colcon_core.environment:checking '/home/chen/Laser/LaserTracking/ros2_ws/install/picar_control/lib/pkgconfig/picar_control.pc'
[17.804s] Level 1:colcon.colcon_core.environment:checking '/home/chen/Laser/LaserTracking/ros2_ws/install/picar_control/lib/python3.10/site-packages'
[17.805s] Level 1:colcon.colcon_core.shell:create_environment_hook('picar_control', 'pythonpath')
[17.807s] INFO:colcon.colcon_core.shell:Creating environment hook '/home/chen/Laser/LaserTracking/ros2_ws/install/picar_control/share/picar_control/hook/pythonpath.ps1'
[17.811s] INFO:colcon.colcon_core.shell:Creating environment descriptor '/home/chen/Laser/LaserTracking/ros2_ws/install/picar_control/share/picar_control/hook/pythonpath.dsv'
[17.814s] INFO:colcon.colcon_core.shell:Creating environment hook '/home/chen/Laser/LaserTracking/ros2_ws/install/picar_control/share/picar_control/hook/pythonpath.sh'
[17.819s] Level 1:colcon.colcon_core.environment:checking '/home/chen/Laser/LaserTracking/ros2_ws/install/picar_control/bin'
[17.819s] Level 1:colcon.colcon_core.environment:create_environment_scripts_only(picar_control)
[17.821s] INFO:colcon.colcon_core.shell:Creating package script '/home/chen/Laser/LaserTracking/ros2_ws/install/picar_control/share/picar_control/package.ps1'
[17.828s] INFO:colcon.colcon_core.shell:Creating package descriptor '/home/chen/Laser/LaserTracking/ros2_ws/install/picar_control/share/picar_control/package.dsv'
[17.833s] INFO:colcon.colcon_core.shell:Creating package script '/home/chen/Laser/LaserTracking/ros2_ws/install/picar_control/share/picar_control/package.sh'
[17.840s] INFO:colcon.colcon_core.shell:Creating package script '/home/chen/Laser/LaserTracking/ros2_ws/install/picar_control/share/picar_control/package.bash'
[17.848s] INFO:colcon.colcon_core.shell:Creating package script '/home/chen/Laser/LaserTracking/ros2_ws/install/picar_control/share/picar_control/package.zsh'
[17.859s] Level 1:colcon.colcon_core.environment:create_file_with_runtime_dependencies(/home/chen/Laser/LaserTracking/ros2_ws/install/picar_control/share/colcon-core/packages/picar_control)
[17.866s] DEBUG:colcon.colcon_parallel_executor.executor.parallel:closing loop
[17.868s] DEBUG:colcon.colcon_parallel_executor.executor.parallel:loop closed
[17.868s] DEBUG:colcon.colcon_parallel_executor.executor.parallel:run_until_complete finished with '0'
[17.869s] DEBUG:colcon.colcon_core.event_reactor:joining thread
[17.905s] INFO:colcon.colcon_core.plugin_system:Skipping extension 'colcon_notification.desktop_notification.notify_send': Could not find 'notify-send'
[17.906s] INFO:colcon.colcon_core.plugin_system:Skipping extension 'colcon_notification.desktop_notification.terminal_notifier': Not used on non-Darwin systems
[17.906s] INFO:colcon.colcon_core.plugin_system:Skipping extension 'colcon_notification.desktop_notification.win32': Not used on non-Windows systems
[17.907s] INFO:colcon.colcon_notification.desktop_notification:Sending desktop notification using 'notify2'
[17.980s] DEBUG:colcon.colcon_notification.desktop_notification.notify2:Failed to initialize notify2: org.freedesktop.DBus.Error.ServiceUnknown: The name org.freedesktop.Notifications was not provided by any .service files
[17.981s] DEBUG:colcon.colcon_core.event_reactor:joined thread
[17.982s] INFO:colcon.colcon_core.shell:Creating prefix script '/home/chen/Laser/LaserTracking/ros2_ws/install/local_setup.ps1'
[17.989s] INFO:colcon.colcon_core.shell:Creating prefix util module '/home/chen/Laser/LaserTracking/ros2_ws/install/_local_setup_util_ps1.py'
[18.000s] INFO:colcon.colcon_core.shell:Creating prefix chain script '/home/chen/Laser/LaserTracking/ros2_ws/install/setup.ps1'
[18.007s] INFO:colcon.colcon_core.shell:Creating prefix script '/home/chen/Laser/LaserTracking/ros2_ws/install/local_setup.sh'
[18.013s] INFO:colcon.colcon_core.shell:Creating prefix util module '/home/chen/Laser/LaserTracking/ros2_ws/install/_local_setup_util_sh.py'
[18.018s] INFO:colcon.colcon_core.shell:Creating prefix chain script '/home/chen/Laser/LaserTracking/ros2_ws/install/setup.sh'
[18.029s] INFO:colcon.colcon_core.shell:Creating prefix script '/home/chen/Laser/LaserTracking/ros2_ws/install/local_setup.bash'
[18.043s] INFO:colcon.colcon_core.shell:Creating prefix chain script '/home/chen/Laser/LaserTracking/ros2_ws/install/setup.bash'
[18.054s] INFO:colcon.colcon_core.shell:Creating prefix script '/home/chen/Laser/LaserTracking/ros2_ws/install/local_setup.zsh'
[18.060s] INFO:colcon.colcon_core.shell:Creating prefix chain script '/home/chen/Laser/LaserTracking/ros2_ws/install/setup.zsh'
