[3.916s] Invoking command in '/home/chen/Laser/LaserTracking/ros2_ws/src/picar_control': PYTHONPATH=/home/chen/Laser/LaserTracking/ros2_ws/build/picar_control/prefix_override:/usr/lib/python3/dist-packages/colcon_core/task/python/colcon_distutils_commands:/home/chen/Laser/LaserTracking/ros2_ws/install/picar_control/lib/python3.10/site-packages:${PYTHONPATH} /usr/bin/python3 -W ignore:setup.py install is deprecated -W ignore:easy_install command is deprecated setup.py egg_info --egg-base ../../build/picar_control build --build-base /home/chen/Laser/LaserTracking/ros2_ws/build/picar_control/build install --record /home/chen/Laser/LaserTracking/ros2_ws/build/picar_control/install.log --single-version-externally-managed install_data
[5.115s] running egg_info
[5.187s] writing ../../build/picar_control/picar_control.egg-info/PKG-INFO
[5.189s] writing dependency_links to ../../build/picar_control/picar_control.egg-info/dependency_links.txt
[5.190s] writing entry points to ../../build/picar_control/picar_control.egg-info/entry_points.txt
[5.192s] writing requirements to ../../build/picar_control/picar_control.egg-info/requires.txt
[5.192s] writing top-level names to ../../build/picar_control/picar_control.egg-info/top_level.txt
[5.338s] reading manifest file '../../build/picar_control/picar_control.egg-info/SOURCES.txt'
[5.342s] writing manifest file '../../build/picar_control/picar_control.egg-info/SOURCES.txt'
[5.344s] running build
[5.344s] running build_py
[5.346s] copying picar_control/obstacle_avoidance.py -> /home/chen/Laser/LaserTracking/ros2_ws/build/picar_control/build/lib/picar_control
[5.348s] copying picar_control/lidar_publisher.py -> /home/chen/Laser/LaserTracking/ros2_ws/build/picar_control/build/lib/picar_control
[5.350s] running install
[5.374s] running install_lib
[5.460s] copying /home/chen/Laser/LaserTracking/ros2_ws/build/picar_control/build/lib/picar_control/obstacle_avoidance.py -> /home/chen/Laser/LaserTracking/ros2_ws/install/picar_control/lib/python3.10/site-packages/picar_control
[5.463s] copying /home/chen/Laser/LaserTracking/ros2_ws/build/picar_control/build/lib/picar_control/lidar_publisher.py -> /home/chen/Laser/LaserTracking/ros2_ws/install/picar_control/lib/python3.10/site-packages/picar_control
[5.467s] byte-compiling /home/chen/Laser/LaserTracking/ros2_ws/install/picar_control/lib/python3.10/site-packages/picar_control/obstacle_avoidance.py to obstacle_avoidance.cpython-310.pyc
[5.472s] byte-compiling /home/chen/Laser/LaserTracking/ros2_ws/install/picar_control/lib/python3.10/site-packages/picar_control/lidar_publisher.py to lidar_publisher.cpython-310.pyc
[5.475s] running install_data
[5.476s] running install_egg_info
[5.580s] removing '/home/chen/Laser/LaserTracking/ros2_ws/install/picar_control/lib/python3.10/site-packages/picar_control-0.0.0-py3.10.egg-info' (and everything under it)
[5.585s] Copying ../../build/picar_control/picar_control.egg-info to /home/chen/Laser/LaserTracking/ros2_ws/install/picar_control/lib/python3.10/site-packages/picar_control-0.0.0-py3.10.egg-info
[5.591s] running install_scripts
[6.436s] Installing camera_publisher script to /home/chen/Laser/LaserTracking/ros2_ws/install/picar_control/lib/picar_control
[6.437s] Installing camera_servo_subscriber script to /home/chen/Laser/LaserTracking/ros2_ws/install/picar_control/lib/picar_control
[6.439s] Installing laser_tracker script to /home/chen/Laser/LaserTracking/ros2_ws/install/picar_control/lib/picar_control
[6.440s] Installing lidar_publisher script to /home/chen/Laser/LaserTracking/ros2_ws/install/picar_control/lib/picar_control
[6.441s] Installing motor_subscriber script to /home/chen/Laser/LaserTracking/ros2_ws/install/picar_control/lib/picar_control
[6.442s] Installing obstacle_avoidance script to /home/chen/Laser/LaserTracking/ros2_ws/install/picar_control/lib/picar_control
[6.443s] Installing steer_servo_subscriber script to /home/chen/Laser/LaserTracking/ros2_ws/install/picar_control/lib/picar_control
[6.445s] writing list of installed files to '/home/chen/Laser/LaserTracking/ros2_ws/build/picar_control/install.log'
[6.586s] Invoked command in '/home/chen/Laser/LaserTracking/ros2_ws/src/picar_control' returned '0': PYTHONPATH=/home/chen/Laser/LaserTracking/ros2_ws/build/picar_control/prefix_override:/usr/lib/python3/dist-packages/colcon_core/task/python/colcon_distutils_commands:/home/chen/Laser/LaserTracking/ros2_ws/install/picar_control/lib/python3.10/site-packages:${PYTHONPATH} /usr/bin/python3 -W ignore:setup.py install is deprecated -W ignore:easy_install command is deprecated setup.py egg_info --egg-base ../../build/picar_control build --build-base /home/chen/Laser/LaserTracking/ros2_ws/build/picar_control/build install --record /home/chen/Laser/LaserTracking/ros2_ws/build/picar_control/install.log --single-version-externally-managed install_data
