[0.522s] DEBUG:colcon:Command line arguments: ['/usr/bin/colcon', 'build', '--symlink-install']
[0.523s] DEBUG:colcon:Parsed command line arguments: Namespace(log_base=None, log_level=None, verb_name='build', build_base='build', install_base='install', merge_install=False, symlink_install=True, test_result_base=None, continue_on_error=False, executor='parallel', parallel_workers=4, event_handlers=None, ignore_user_meta=False, metas=['./colcon.meta'], base_paths=['.'], packages_ignore=None, packages_ignore_regex=None, paths=None, packages_up_to=None, packages_up_to_regex=None, packages_above=None, packages_above_and_dependencies=None, packages_above_depth=None, packages_select_by_dep=None, packages_skip_by_dep=None, packages_skip_up_to=None, packages_select_build_failed=False, packages_skip_build_finished=False, packages_select_test_failures=False, packages_skip_test_passed=False, packages_select=None, packages_skip=None, packages_select_regex=None, packages_skip_regex=None, packages_start=None, packages_end=None, allow_overriding=[], cmake_args=None, cmake_target=None, cmake_target_skip_unavailable=False, cmake_clean_cache=False, cmake_clean_first=False, cmake_force_configure=False, ament_cmake_args=None, catkin_cmake_args=None, catkin_skip_building_tests=False, verb_parser=<colcon_defaults.argument_parser.defaults.DefaultArgumentsDecorator object at 0xffff8ff380a0>, verb_extension=<colcon_core.verb.build.BuildVerb object at 0xffff900b94b0>, main=<bound method BuildVerb.main of <colcon_core.verb.build.BuildVerb object at 0xffff900b94b0>>)
[0.711s] Level 1:colcon.colcon_core.package_discovery:discover_packages(colcon_meta) check parameters
[0.713s] Level 1:colcon.colcon_core.package_discovery:discover_packages(recursive) check parameters
[0.713s] Level 1:colcon.colcon_core.package_discovery:discover_packages(ignore) check parameters
[0.714s] Level 1:colcon.colcon_core.package_discovery:discover_packages(path) check parameters
[0.715s] Level 1:colcon.colcon_core.package_discovery:discover_packages(colcon_meta) discover
[0.715s] Level 1:colcon.colcon_core.package_discovery:discover_packages(recursive) discover
[0.716s] INFO:colcon.colcon_core.package_discovery:Crawling recursively for packages in '/home/chen/Laser/LaserTracking/ros2_ws'
[0.717s] Level 1:colcon.colcon_core.package_identification:_identify(.) by extensions ['ignore', 'ignore_ament_install']
[0.717s] Level 1:colcon.colcon_core.package_identification:_identify(.) by extension 'ignore'
[0.718s] Level 1:colcon.colcon_core.package_identification:_identify(.) by extension 'ignore_ament_install'
[0.718s] Level 1:colcon.colcon_core.package_identification:_identify(.) by extensions ['colcon_pkg']
[0.719s] Level 1:colcon.colcon_core.package_identification:_identify(.) by extension 'colcon_pkg'
[0.719s] Level 1:colcon.colcon_core.package_identification:_identify(.) by extensions ['colcon_meta']
[0.720s] Level 1:colcon.colcon_core.package_identification:_identify(.) by extension 'colcon_meta'
[0.720s] Level 1:colcon.colcon_core.package_identification:_identify(.) by extensions ['ros']
[0.720s] Level 1:colcon.colcon_core.package_identification:_identify(.) by extension 'ros'
[0.794s] Level 1:colcon.colcon_core.package_identification:_identify(.) by extensions ['cmake', 'python']
[0.794s] Level 1:colcon.colcon_core.package_identification:_identify(.) by extension 'cmake'
[0.794s] Level 1:colcon.colcon_core.package_identification:_identify(.) by extension 'python'
[0.795s] Level 1:colcon.colcon_core.package_identification:_identify(.) by extensions ['python_setup_py']
[0.795s] Level 1:colcon.colcon_core.package_identification:_identify(.) by extension 'python_setup_py'
[0.795s] Level 1:colcon.colcon_core.package_identification:_identify(build) by extensions ['ignore', 'ignore_ament_install']
[0.796s] Level 1:colcon.colcon_core.package_identification:_identify(build) by extension 'ignore'
[0.796s] Level 1:colcon.colcon_core.package_identification:_identify(build) ignored
[0.797s] Level 1:colcon.colcon_core.package_identification:_identify(install) by extensions ['ignore', 'ignore_ament_install']
[0.797s] Level 1:colcon.colcon_core.package_identification:_identify(install) by extension 'ignore'
[0.797s] Level 1:colcon.colcon_core.package_identification:_identify(install) ignored
[0.798s] Level 1:colcon.colcon_core.package_identification:_identify(log) by extensions ['ignore', 'ignore_ament_install']
[0.799s] Level 1:colcon.colcon_core.package_identification:_identify(log) by extension 'ignore'
[0.800s] Level 1:colcon.colcon_core.package_identification:_identify(log) ignored
[0.801s] Level 1:colcon.colcon_core.package_identification:_identify(src) by extensions ['ignore', 'ignore_ament_install']
[0.802s] Level 1:colcon.colcon_core.package_identification:_identify(src) by extension 'ignore'
[0.802s] Level 1:colcon.colcon_core.package_identification:_identify(src) by extension 'ignore_ament_install'
[0.804s] Level 1:colcon.colcon_core.package_identification:_identify(src) by extensions ['colcon_pkg']
[0.805s] Level 1:colcon.colcon_core.package_identification:_identify(src) by extension 'colcon_pkg'
[0.806s] Level 1:colcon.colcon_core.package_identification:_identify(src) by extensions ['colcon_meta']
[0.806s] Level 1:colcon.colcon_core.package_identification:_identify(src) by extension 'colcon_meta'
[0.807s] Level 1:colcon.colcon_core.package_identification:_identify(src) by extensions ['ros']
[0.808s] Level 1:colcon.colcon_core.package_identification:_identify(src) by extension 'ros'
[0.809s] Level 1:colcon.colcon_core.package_identification:_identify(src) by extensions ['cmake', 'python']
[0.809s] Level 1:colcon.colcon_core.package_identification:_identify(src) by extension 'cmake'
[0.809s] Level 1:colcon.colcon_core.package_identification:_identify(src) by extension 'python'
[0.810s] Level 1:colcon.colcon_core.package_identification:_identify(src) by extensions ['python_setup_py']
[0.810s] Level 1:colcon.colcon_core.package_identification:_identify(src) by extension 'python_setup_py'
[0.811s] Level 1:colcon.colcon_core.package_identification:_identify(src/picar_control) by extensions ['ignore', 'ignore_ament_install']
[0.811s] Level 1:colcon.colcon_core.package_identification:_identify(src/picar_control) by extension 'ignore'
[0.811s] Level 1:colcon.colcon_core.package_identification:_identify(src/picar_control) by extension 'ignore_ament_install'
[0.812s] Level 1:colcon.colcon_core.package_identification:_identify(src/picar_control) by extensions ['colcon_pkg']
[0.812s] Level 1:colcon.colcon_core.package_identification:_identify(src/picar_control) by extension 'colcon_pkg'
[0.812s] Level 1:colcon.colcon_core.package_identification:_identify(src/picar_control) by extensions ['colcon_meta']
[0.812s] Level 1:colcon.colcon_core.package_identification:_identify(src/picar_control) by extension 'colcon_meta'
[0.812s] Level 1:colcon.colcon_core.package_identification:_identify(src/picar_control) by extensions ['ros']
[0.813s] Level 1:colcon.colcon_core.package_identification:_identify(src/picar_control) by extension 'ros'
[0.822s] DEBUG:colcon.colcon_core.package_identification:Package 'src/picar_control' with type 'ros.ament_python' and name 'picar_control'
[0.823s] Level 1:colcon.colcon_core.package_discovery:discover_packages(recursive) using defaults
[0.823s] Level 1:colcon.colcon_core.package_discovery:discover_packages(ignore) discover
[0.823s] Level 1:colcon.colcon_core.package_discovery:discover_packages(ignore) using defaults
[0.823s] Level 1:colcon.colcon_core.package_discovery:discover_packages(path) discover
[0.823s] Level 1:colcon.colcon_core.package_discovery:discover_packages(path) using defaults
[0.913s] Level 1:colcon.colcon_core.package_discovery:discover_packages(prefix_path) check parameters
[0.914s] Level 1:colcon.colcon_core.package_discovery:discover_packages(prefix_path) discover
[0.927s] DEBUG:colcon.colcon_installed_package_information.package_discovery:Found 1 installed packages in /home/chen/Laser/LaserTracking/ros2_ws/install
[0.936s] DEBUG:colcon.colcon_installed_package_information.package_discovery:Found 280 installed packages in /opt/ros/humble
[0.943s] Level 1:colcon.colcon_core.package_discovery:discover_packages(prefix_path) using defaults
[1.163s] Level 5:colcon.colcon_core.verb:set package 'picar_control' build argument 'cmake_args' from command line to 'None'
[1.163s] Level 5:colcon.colcon_core.verb:set package 'picar_control' build argument 'cmake_target' from command line to 'None'
[1.163s] Level 5:colcon.colcon_core.verb:set package 'picar_control' build argument 'cmake_target_skip_unavailable' from command line to 'False'
[1.163s] Level 5:colcon.colcon_core.verb:set package 'picar_control' build argument 'cmake_clean_cache' from command line to 'False'
[1.163s] Level 5:colcon.colcon_core.verb:set package 'picar_control' build argument 'cmake_clean_first' from command line to 'False'
[1.163s] Level 5:colcon.colcon_core.verb:set package 'picar_control' build argument 'cmake_force_configure' from command line to 'False'
[1.164s] Level 5:colcon.colcon_core.verb:set package 'picar_control' build argument 'ament_cmake_args' from command line to 'None'
[1.164s] Level 5:colcon.colcon_core.verb:set package 'picar_control' build argument 'catkin_cmake_args' from command line to 'None'
[1.164s] Level 5:colcon.colcon_core.verb:set package 'picar_control' build argument 'catkin_skip_building_tests' from command line to 'False'
[1.164s] DEBUG:colcon.colcon_core.verb:Building package 'picar_control' with the following arguments: {'ament_cmake_args': None, 'build_base': '/home/chen/Laser/LaserTracking/ros2_ws/build/picar_control', 'catkin_cmake_args': None, 'catkin_skip_building_tests': False, 'cmake_args': None, 'cmake_clean_cache': False, 'cmake_clean_first': False, 'cmake_force_configure': False, 'cmake_target': None, 'cmake_target_skip_unavailable': False, 'install_base': '/home/chen/Laser/LaserTracking/ros2_ws/install/picar_control', 'merge_install': False, 'path': '/home/chen/Laser/LaserTracking/ros2_ws/src/picar_control', 'symlink_install': True, 'test_result_base': None}
[1.165s] INFO:colcon.colcon_core.executor:Executing jobs using 'parallel' executor
[1.168s] DEBUG:colcon.colcon_parallel_executor.executor.parallel:run_until_complete
[1.169s] INFO:colcon.colcon_ros.task.ament_python.build:Building ROS package in '/home/chen/Laser/LaserTracking/ros2_ws/src/picar_control' with build type 'ament_python'
[1.170s] Level 1:colcon.colcon_core.shell:create_environment_hook('picar_control', 'ament_prefix_path')
[1.180s] INFO:colcon.colcon_core.plugin_system:Skipping extension 'colcon_core.shell.bat': Not used on non-Windows systems
[1.181s] INFO:colcon.colcon_core.shell:Creating environment hook '/home/chen/Laser/LaserTracking/ros2_ws/install/picar_control/share/picar_control/hook/ament_prefix_path.ps1'
[1.184s] INFO:colcon.colcon_core.shell:Creating environment descriptor '/home/chen/Laser/LaserTracking/ros2_ws/install/picar_control/share/picar_control/hook/ament_prefix_path.dsv'
[1.186s] INFO:colcon.colcon_core.shell:Creating environment hook '/home/chen/Laser/LaserTracking/ros2_ws/install/picar_control/share/picar_control/hook/ament_prefix_path.sh'
[1.190s] INFO:colcon.colcon_core.shell:Skip shell extension 'powershell' for command environment: Not usable outside of PowerShell
[1.190s] DEBUG:colcon.colcon_core.shell:Skip shell extension 'dsv' for command environment
[2.357s] INFO:colcon.colcon_core.task.python.build:Building Python package in '/home/chen/Laser/LaserTracking/ros2_ws/src/picar_control'
[2.359s] INFO:colcon.colcon_core.shell:Skip shell extension 'powershell' for command environment: Not usable outside of PowerShell
[2.360s] DEBUG:colcon.colcon_core.shell:Skip shell extension 'dsv' for command environment
[5.583s] DEBUG:colcon.colcon_core.task.python.build:While undoing a previous installation files outside the Python library path are being ignored: /home/chen/Laser/LaserTracking/ros2_ws/install/picar_control/share/ament_index/resource_index/packages/picar_control
[5.583s] DEBUG:colcon.colcon_core.task.python.build:While undoing a previous installation files outside the Python library path are being ignored: /home/chen/Laser/LaserTracking/ros2_ws/install/picar_control/share/picar_control/package.xml
[5.584s] DEBUG:colcon.colcon_core.task.python.build:While undoing a previous installation files outside the Python library path are being ignored: /home/chen/Laser/LaserTracking/ros2_ws/install/picar_control/share/picar_control/launch/picar_launch.py
[5.585s] DEBUG:colcon.colcon_core.task.python.build:While undoing a previous installation files outside the Python library path are being ignored: /home/chen/Laser/LaserTracking/ros2_ws/install/picar_control/lib/picar_control/camera_publisher
[5.586s] DEBUG:colcon.colcon_core.task.python.build:While undoing a previous installation files outside the Python library path are being ignored: /home/chen/Laser/LaserTracking/ros2_ws/install/picar_control/lib/picar_control/camera_servo_subscriber
[5.586s] DEBUG:colcon.colcon_core.task.python.build:While undoing a previous installation files outside the Python library path are being ignored: /home/chen/Laser/LaserTracking/ros2_ws/install/picar_control/lib/picar_control/laser_tracker
[5.586s] DEBUG:colcon.colcon_core.task.python.build:While undoing a previous installation files outside the Python library path are being ignored: /home/chen/Laser/LaserTracking/ros2_ws/install/picar_control/lib/picar_control/lidar_publisher
[5.586s] DEBUG:colcon.colcon_core.task.python.build:While undoing a previous installation files outside the Python library path are being ignored: /home/chen/Laser/LaserTracking/ros2_ws/install/picar_control/lib/picar_control/motor_subscriber
[5.586s] DEBUG:colcon.colcon_core.task.python.build:While undoing a previous installation files outside the Python library path are being ignored: /home/chen/Laser/LaserTracking/ros2_ws/install/picar_control/lib/picar_control/obstacle_avoidance
[5.586s] DEBUG:colcon.colcon_core.task.python.build:While undoing a previous installation files outside the Python library path are being ignored: /home/chen/Laser/LaserTracking/ros2_ws/install/picar_control/lib/picar_control/steer_servo_subscriber
[5.595s] DEBUG:colcon.colcon_core.event_handler.log_command:Invoking command in '/home/chen/Laser/LaserTracking/ros2_ws/build/picar_control': PYTHONPATH=/home/chen/Laser/LaserTracking/ros2_ws/build/picar_control/prefix_override:/usr/lib/python3/dist-packages/colcon_core/task/python/colcon_distutils_commands:/home/chen/Laser/LaserTracking/ros2_ws/install/picar_control/lib/python3.10/site-packages:${PYTHONPATH} /usr/bin/python3 -W ignore:setup.py install is deprecated -W ignore:easy_install command is deprecated setup.py develop --editable --build-directory /home/chen/Laser/LaserTracking/ros2_ws/build/picar_control/build --no-deps symlink_data --force
[9.981s] Level 1:colcon.colcon_core.shell:create_environment_hook('picar_control', 'pythonpath_develop')
[9.983s] DEBUG:colcon.colcon_core.event_handler.log_command:Invoked command in '/home/chen/Laser/LaserTracking/ros2_ws/build/picar_control' returned '0': PYTHONPATH=/home/chen/Laser/LaserTracking/ros2_ws/build/picar_control/prefix_override:/usr/lib/python3/dist-packages/colcon_core/task/python/colcon_distutils_commands:/home/chen/Laser/LaserTracking/ros2_ws/install/picar_control/lib/python3.10/site-packages:${PYTHONPATH} /usr/bin/python3 -W ignore:setup.py install is deprecated -W ignore:easy_install command is deprecated setup.py develop --editable --build-directory /home/chen/Laser/LaserTracking/ros2_ws/build/picar_control/build --no-deps symlink_data --force
[9.985s] INFO:colcon.colcon_core.shell:Creating environment hook '/home/chen/Laser/LaserTracking/ros2_ws/build/picar_control/share/picar_control/hook/pythonpath_develop.ps1'
[9.992s] INFO:colcon.colcon_core.shell:Creating environment descriptor '/home/chen/Laser/LaserTracking/ros2_ws/build/picar_control/share/picar_control/hook/pythonpath_develop.dsv'
[9.995s] INFO:colcon.colcon_core.shell:Creating environment hook '/home/chen/Laser/LaserTracking/ros2_ws/build/picar_control/share/picar_control/hook/pythonpath_develop.sh'
[10.017s] Level 1:colcon.colcon_core.environment:checking '/home/chen/Laser/LaserTracking/ros2_ws/install/picar_control' for CMake module files
[10.020s] Level 1:colcon.colcon_core.environment:checking '/home/chen/Laser/LaserTracking/ros2_ws/install/picar_control' for CMake config files
[10.024s] Level 1:colcon.colcon_core.environment:checking '/home/chen/Laser/LaserTracking/ros2_ws/install/picar_control/lib'
[10.031s] Level 1:colcon.colcon_core.environment:checking '/home/chen/Laser/LaserTracking/ros2_ws/install/picar_control/bin'
[10.031s] Level 1:colcon.colcon_core.environment:checking '/home/chen/Laser/LaserTracking/ros2_ws/install/picar_control/lib/pkgconfig/picar_control.pc'
[10.033s] Level 1:colcon.colcon_core.environment:checking '/home/chen/Laser/LaserTracking/ros2_ws/install/picar_control/lib/python3.10/site-packages'
[10.033s] Level 1:colcon.colcon_core.shell:create_environment_hook('picar_control', 'pythonpath')
[10.035s] INFO:colcon.colcon_core.shell:Creating environment hook '/home/chen/Laser/LaserTracking/ros2_ws/install/picar_control/share/picar_control/hook/pythonpath.ps1'
[10.038s] INFO:colcon.colcon_core.shell:Creating environment descriptor '/home/chen/Laser/LaserTracking/ros2_ws/install/picar_control/share/picar_control/hook/pythonpath.dsv'
[10.040s] INFO:colcon.colcon_core.shell:Creating environment hook '/home/chen/Laser/LaserTracking/ros2_ws/install/picar_control/share/picar_control/hook/pythonpath.sh'
[10.045s] Level 1:colcon.colcon_core.environment:checking '/home/chen/Laser/LaserTracking/ros2_ws/install/picar_control/bin'
[10.045s] Level 1:colcon.colcon_core.environment:create_environment_scripts_only(picar_control)
[10.047s] INFO:colcon.colcon_core.shell:Creating package script '/home/chen/Laser/LaserTracking/ros2_ws/install/picar_control/share/picar_control/package.ps1'
[10.057s] INFO:colcon.colcon_core.shell:Creating package descriptor '/home/chen/Laser/LaserTracking/ros2_ws/install/picar_control/share/picar_control/package.dsv'
[10.062s] INFO:colcon.colcon_core.shell:Creating package script '/home/chen/Laser/LaserTracking/ros2_ws/install/picar_control/share/picar_control/package.sh'
[10.066s] INFO:colcon.colcon_core.shell:Creating package script '/home/chen/Laser/LaserTracking/ros2_ws/install/picar_control/share/picar_control/package.bash'
[10.071s] INFO:colcon.colcon_core.shell:Creating package script '/home/chen/Laser/LaserTracking/ros2_ws/install/picar_control/share/picar_control/package.zsh'
[10.078s] Level 1:colcon.colcon_core.environment:create_file_with_runtime_dependencies(/home/chen/Laser/LaserTracking/ros2_ws/install/picar_control/share/colcon-core/packages/picar_control)
[10.081s] DEBUG:colcon.colcon_parallel_executor.executor.parallel:closing loop
[10.083s] DEBUG:colcon.colcon_parallel_executor.executor.parallel:loop closed
[10.084s] DEBUG:colcon.colcon_parallel_executor.executor.parallel:run_until_complete finished with '0'
[10.085s] DEBUG:colcon.colcon_core.event_reactor:joining thread
[10.116s] INFO:colcon.colcon_core.plugin_system:Skipping extension 'colcon_notification.desktop_notification.notify_send': Could not find 'notify-send'
[10.116s] INFO:colcon.colcon_core.plugin_system:Skipping extension 'colcon_notification.desktop_notification.terminal_notifier': Not used on non-Darwin systems
[10.117s] INFO:colcon.colcon_core.plugin_system:Skipping extension 'colcon_notification.desktop_notification.win32': Not used on non-Windows systems
[10.117s] INFO:colcon.colcon_notification.desktop_notification:Sending desktop notification using 'notify2'
[10.121s] DEBUG:colcon.colcon_notification.desktop_notification.notify2:Failed to initialize notify2: org.freedesktop.DBus.Error.ServiceUnknown: The name org.freedesktop.Notifications was not provided by any .service files
[10.122s] DEBUG:colcon.colcon_core.event_reactor:joined thread
[10.123s] INFO:colcon.colcon_core.shell:Creating prefix script '/home/chen/Laser/LaserTracking/ros2_ws/install/local_setup.ps1'
[10.128s] INFO:colcon.colcon_core.shell:Creating prefix util module '/home/chen/Laser/LaserTracking/ros2_ws/install/_local_setup_util_ps1.py'
[10.136s] INFO:colcon.colcon_core.shell:Creating prefix chain script '/home/chen/Laser/LaserTracking/ros2_ws/install/setup.ps1'
[10.141s] INFO:colcon.colcon_core.shell:Creating prefix script '/home/chen/Laser/LaserTracking/ros2_ws/install/local_setup.sh'
[10.144s] INFO:colcon.colcon_core.shell:Creating prefix util module '/home/chen/Laser/LaserTracking/ros2_ws/install/_local_setup_util_sh.py'
[10.148s] INFO:colcon.colcon_core.shell:Creating prefix chain script '/home/chen/Laser/LaserTracking/ros2_ws/install/setup.sh'
[10.157s] INFO:colcon.colcon_core.shell:Creating prefix script '/home/chen/Laser/LaserTracking/ros2_ws/install/local_setup.bash'
[10.161s] INFO:colcon.colcon_core.shell:Creating prefix chain script '/home/chen/Laser/LaserTracking/ros2_ws/install/setup.bash'
[10.167s] INFO:colcon.colcon_core.shell:Creating prefix script '/home/chen/Laser/LaserTracking/ros2_ws/install/local_setup.zsh'
[10.170s] INFO:colcon.colcon_core.shell:Creating prefix chain script '/home/chen/Laser/LaserTracking/ros2_ws/install/setup.zsh'
