[3.554s] Invoking command in '/home/chen/Laser/LaserTracking/ros2_ws/src/picar_control': PYTHONPATH=/home/chen/Laser/LaserTracking/ros2_ws/build/picar_control/prefix_override:/usr/lib/python3/dist-packages/colcon_core/task/python/colcon_distutils_commands:/home/chen/Laser/LaserTracking/ros2_ws/install/picar_control/lib/python3.10/site-packages:${PYTHONPATH} /usr/bin/python3 -W ignore:setup.py install is deprecated -W ignore:easy_install command is deprecated setup.py egg_info --egg-base ../../build/picar_control build --build-base /home/chen/Laser/LaserTracking/ros2_ws/build/picar_control/build install --record /home/chen/Laser/LaserTracking/ros2_ws/build/picar_control/install.log --single-version-externally-managed install_data
[4.636s] running egg_info
[4.705s] writing ../../build/picar_control/picar_control.egg-info/PKG-INFO
[4.707s] writing dependency_links to ../../build/picar_control/picar_control.egg-info/dependency_links.txt
[4.708s] writing entry points to ../../build/picar_control/picar_control.egg-info/entry_points.txt
[4.709s] writing requirements to ../../build/picar_control/picar_control.egg-info/requires.txt
[4.710s] writing top-level names to ../../build/picar_control/picar_control.egg-info/top_level.txt
[4.863s] reading manifest file '../../build/picar_control/picar_control.egg-info/SOURCES.txt'
[4.868s] writing manifest file '../../build/picar_control/picar_control.egg-info/SOURCES.txt'
[4.870s] running build
[4.870s] running build_py
[4.872s] copying picar_control/lidar_publisher.py -> /home/chen/Laser/LaserTracking/ros2_ws/build/picar_control/build/lib/picar_control
[4.874s] running install
[4.898s] running install_lib
[4.971s] copying /home/chen/Laser/LaserTracking/ros2_ws/build/picar_control/build/lib/picar_control/lidar_publisher.py -> /home/chen/Laser/LaserTracking/ros2_ws/install/picar_control/lib/python3.10/site-packages/picar_control
[4.975s] byte-compiling /home/chen/Laser/LaserTracking/ros2_ws/install/picar_control/lib/python3.10/site-packages/picar_control/lidar_publisher.py to lidar_publisher.cpython-310.pyc
[4.979s] running install_data
[4.980s] running install_egg_info
[5.055s] removing '/home/chen/Laser/LaserTracking/ros2_ws/install/picar_control/lib/python3.10/site-packages/picar_control-0.0.0-py3.10.egg-info' (and everything under it)
[5.057s] Copying ../../build/picar_control/picar_control.egg-info to /home/chen/Laser/LaserTracking/ros2_ws/install/picar_control/lib/python3.10/site-packages/picar_control-0.0.0-py3.10.egg-info
[5.065s] running install_scripts
[5.900s] Installing camera_publisher script to /home/chen/Laser/LaserTracking/ros2_ws/install/picar_control/lib/picar_control
[5.901s] Installing camera_servo_subscriber script to /home/chen/Laser/LaserTracking/ros2_ws/install/picar_control/lib/picar_control
[5.903s] Installing laser_tracker script to /home/chen/Laser/LaserTracking/ros2_ws/install/picar_control/lib/picar_control
[5.903s] Installing lidar_publisher script to /home/chen/Laser/LaserTracking/ros2_ws/install/picar_control/lib/picar_control
[5.905s] Installing motor_subscriber script to /home/chen/Laser/LaserTracking/ros2_ws/install/picar_control/lib/picar_control
[5.906s] Installing obstacle_avoidance script to /home/chen/Laser/LaserTracking/ros2_ws/install/picar_control/lib/picar_control
[5.907s] Installing steer_servo_subscriber script to /home/chen/Laser/LaserTracking/ros2_ws/install/picar_control/lib/picar_control
[5.910s] writing list of installed files to '/home/chen/Laser/LaserTracking/ros2_ws/build/picar_control/install.log'
[6.043s] Invoked command in '/home/chen/Laser/LaserTracking/ros2_ws/src/picar_control' returned '0': PYTHONPATH=/home/chen/Laser/LaserTracking/ros2_ws/build/picar_control/prefix_override:/usr/lib/python3/dist-packages/colcon_core/task/python/colcon_distutils_commands:/home/chen/Laser/LaserTracking/ros2_ws/install/picar_control/lib/python3.10/site-packages:${PYTHONPATH} /usr/bin/python3 -W ignore:setup.py install is deprecated -W ignore:easy_install command is deprecated setup.py egg_info --egg-base ../../build/picar_control build --build-base /home/chen/Laser/LaserTracking/ros2_ws/build/picar_control/build install --record /home/chen/Laser/LaserTracking/ros2_ws/build/picar_control/install.log --single-version-externally-managed install_data
