[3.619s] Invoking command in '/home/chen/Laser/LaserTracking/ros2_ws/src/picar_control': PYTHONPATH=/home/chen/Laser/LaserTracking/ros2_ws/build/picar_control/prefix_override:/usr/lib/python3/dist-packages/colcon_core/task/python/colcon_distutils_commands:/home/chen/Laser/LaserTracking/ros2_ws/install/picar_control/lib/python3.10/site-packages:${PYTHONPATH} /usr/bin/python3 -W ignore:setup.py install is deprecated -W ignore:easy_install command is deprecated setup.py egg_info --egg-base ../../build/picar_control build --build-base /home/chen/Laser/LaserTracking/ros2_ws/build/picar_control/build install --record /home/chen/Laser/LaserTracking/ros2_ws/build/picar_control/install.log --single-version-externally-managed install_data
[4.701s] running egg_info
[4.772s] writing ../../build/picar_control/picar_control.egg-info/PKG-INFO
[4.773s] writing dependency_links to ../../build/picar_control/picar_control.egg-info/dependency_links.txt
[4.775s] writing entry points to ../../build/picar_control/picar_control.egg-info/entry_points.txt
[4.776s] writing requirements to ../../build/picar_control/picar_control.egg-info/requires.txt
[4.777s] writing top-level names to ../../build/picar_control/picar_control.egg-info/top_level.txt
[4.918s] reading manifest file '../../build/picar_control/picar_control.egg-info/SOURCES.txt'
[4.923s] writing manifest file '../../build/picar_control/picar_control.egg-info/SOURCES.txt'
[4.923s] running build
[4.924s] running build_py
[4.928s] running install
[4.950s] running install_lib
[5.030s] running install_data
[5.031s] running install_egg_info
[5.107s] removing '/home/chen/Laser/LaserTracking/ros2_ws/install/picar_control/lib/python3.10/site-packages/picar_control-0.0.0-py3.10.egg-info' (and everything under it)
[5.109s] Copying ../../build/picar_control/picar_control.egg-info to /home/chen/Laser/LaserTracking/ros2_ws/install/picar_control/lib/python3.10/site-packages/picar_control-0.0.0-py3.10.egg-info
[5.117s] running install_scripts
[5.934s] Installing camera_publisher script to /home/chen/Laser/LaserTracking/ros2_ws/install/picar_control/lib/picar_control
[5.935s] Installing camera_servo_subscriber script to /home/chen/Laser/LaserTracking/ros2_ws/install/picar_control/lib/picar_control
[5.936s] Installing laser_tracker script to /home/chen/Laser/LaserTracking/ros2_ws/install/picar_control/lib/picar_control
[5.938s] Installing lidar_publisher script to /home/chen/Laser/LaserTracking/ros2_ws/install/picar_control/lib/picar_control
[5.939s] Installing motor_subscriber script to /home/chen/Laser/LaserTracking/ros2_ws/install/picar_control/lib/picar_control
[5.940s] Installing obstacle_avoidance script to /home/chen/Laser/LaserTracking/ros2_ws/install/picar_control/lib/picar_control
[5.941s] Installing steer_servo_subscriber script to /home/chen/Laser/LaserTracking/ros2_ws/install/picar_control/lib/picar_control
[5.943s] writing list of installed files to '/home/chen/Laser/LaserTracking/ros2_ws/build/picar_control/install.log'
[6.076s] Invoked command in '/home/chen/Laser/LaserTracking/ros2_ws/src/picar_control' returned '0': PYTHONPATH=/home/chen/Laser/LaserTracking/ros2_ws/build/picar_control/prefix_override:/usr/lib/python3/dist-packages/colcon_core/task/python/colcon_distutils_commands:/home/chen/Laser/LaserTracking/ros2_ws/install/picar_control/lib/python3.10/site-packages:${PYTHONPATH} /usr/bin/python3 -W ignore:setup.py install is deprecated -W ignore:easy_install command is deprecated setup.py egg_info --egg-base ../../build/picar_control build --build-base /home/chen/Laser/LaserTracking/ros2_ws/build/picar_control/build install --record /home/chen/Laser/LaserTracking/ros2_ws/build/picar_control/install.log --single-version-externally-managed install_data
