[1.363s] DEBUG:colcon:Command line arguments: ['/usr/bin/colcon', 'build']
[1.364s] DEBUG:colcon:Parsed command line arguments: Namespace(log_base=None, log_level=None, verb_name='build', build_base='build', install_base='install', merge_install=False, symlink_install=False, test_result_base=None, continue_on_error=False, executor='parallel', parallel_workers=4, event_handlers=None, ignore_user_meta=False, metas=['./colcon.meta'], base_paths=['.'], packages_ignore=None, packages_ignore_regex=None, paths=None, packages_up_to=None, packages_up_to_regex=None, packages_above=None, packages_above_and_dependencies=None, packages_above_depth=None, packages_select_by_dep=None, packages_skip_by_dep=None, packages_skip_up_to=None, packages_select_build_failed=False, packages_skip_build_finished=False, packages_select_test_failures=False, packages_skip_test_passed=False, packages_select=None, packages_skip=None, packages_select_regex=None, packages_skip_regex=None, packages_start=None, packages_end=None, allow_overriding=[], cmake_args=None, cmake_target=None, cmake_target_skip_unavailable=False, cmake_clean_cache=False, cmake_clean_first=False, cmake_force_configure=False, ament_cmake_args=None, catkin_cmake_args=None, catkin_skip_building_tests=False, verb_parser=<colcon_defaults.argument_parser.defaults.DefaultArgumentsDecorator object at 0xffff8f2ec0a0>, verb_extension=<colcon_core.verb.build.BuildVerb object at 0xffff8f48d4b0>, main=<bound method BuildVerb.main of <colcon_core.verb.build.BuildVerb object at 0xffff8f48d4b0>>)
[1.667s] Level 1:colcon.colcon_core.package_discovery:discover_packages(colcon_meta) check parameters
[1.668s] Level 1:colcon.colcon_core.package_discovery:discover_packages(recursive) check parameters
[1.668s] Level 1:colcon.colcon_core.package_discovery:discover_packages(ignore) check parameters
[1.668s] Level 1:colcon.colcon_core.package_discovery:discover_packages(path) check parameters
[1.668s] Level 1:colcon.colcon_core.package_discovery:discover_packages(colcon_meta) discover
[1.669s] Level 1:colcon.colcon_core.package_discovery:discover_packages(recursive) discover
[1.669s] INFO:colcon.colcon_core.package_discovery:Crawling recursively for packages in '/home/chen/Laser/LaserTracking/ros2_ws'
[1.669s] Level 1:colcon.colcon_core.package_identification:_identify(.) by extensions ['ignore', 'ignore_ament_install']
[1.670s] Level 1:colcon.colcon_core.package_identification:_identify(.) by extension 'ignore'
[1.670s] Level 1:colcon.colcon_core.package_identification:_identify(.) by extension 'ignore_ament_install'
[1.671s] Level 1:colcon.colcon_core.package_identification:_identify(.) by extensions ['colcon_pkg']
[1.671s] Level 1:colcon.colcon_core.package_identification:_identify(.) by extension 'colcon_pkg'
[1.671s] Level 1:colcon.colcon_core.package_identification:_identify(.) by extensions ['colcon_meta']
[1.672s] Level 1:colcon.colcon_core.package_identification:_identify(.) by extension 'colcon_meta'
[1.672s] Level 1:colcon.colcon_core.package_identification:_identify(.) by extensions ['ros']
[1.672s] Level 1:colcon.colcon_core.package_identification:_identify(.) by extension 'ros'
[1.777s] Level 1:colcon.colcon_core.package_identification:_identify(.) by extensions ['cmake', 'python']
[1.778s] Level 1:colcon.colcon_core.package_identification:_identify(.) by extension 'cmake'
[1.778s] Level 1:colcon.colcon_core.package_identification:_identify(.) by extension 'python'
[1.778s] Level 1:colcon.colcon_core.package_identification:_identify(.) by extensions ['python_setup_py']
[1.778s] Level 1:colcon.colcon_core.package_identification:_identify(.) by extension 'python_setup_py'
[1.779s] Level 1:colcon.colcon_core.package_identification:_identify(build) by extensions ['ignore', 'ignore_ament_install']
[1.779s] Level 1:colcon.colcon_core.package_identification:_identify(build) by extension 'ignore'
[1.780s] Level 1:colcon.colcon_core.package_identification:_identify(build) ignored
[1.780s] Level 1:colcon.colcon_core.package_identification:_identify(install) by extensions ['ignore', 'ignore_ament_install']
[1.781s] Level 1:colcon.colcon_core.package_identification:_identify(install) by extension 'ignore'
[1.781s] Level 1:colcon.colcon_core.package_identification:_identify(install) ignored
[1.783s] Level 1:colcon.colcon_core.package_identification:_identify(log) by extensions ['ignore', 'ignore_ament_install']
[1.784s] Level 1:colcon.colcon_core.package_identification:_identify(log) by extension 'ignore'
[1.784s] Level 1:colcon.colcon_core.package_identification:_identify(log) ignored
[1.784s] Level 1:colcon.colcon_core.package_identification:_identify(src) by extensions ['ignore', 'ignore_ament_install']
[1.785s] Level 1:colcon.colcon_core.package_identification:_identify(src) by extension 'ignore'
[1.785s] Level 1:colcon.colcon_core.package_identification:_identify(src) by extension 'ignore_ament_install'
[1.785s] Level 1:colcon.colcon_core.package_identification:_identify(src) by extensions ['colcon_pkg']
[1.785s] Level 1:colcon.colcon_core.package_identification:_identify(src) by extension 'colcon_pkg'
[1.786s] Level 1:colcon.colcon_core.package_identification:_identify(src) by extensions ['colcon_meta']
[1.786s] Level 1:colcon.colcon_core.package_identification:_identify(src) by extension 'colcon_meta'
[1.786s] Level 1:colcon.colcon_core.package_identification:_identify(src) by extensions ['ros']
[1.786s] Level 1:colcon.colcon_core.package_identification:_identify(src) by extension 'ros'
[1.787s] Level 1:colcon.colcon_core.package_identification:_identify(src) by extensions ['cmake', 'python']
[1.787s] Level 1:colcon.colcon_core.package_identification:_identify(src) by extension 'cmake'
[1.787s] Level 1:colcon.colcon_core.package_identification:_identify(src) by extension 'python'
[1.787s] Level 1:colcon.colcon_core.package_identification:_identify(src) by extensions ['python_setup_py']
[1.787s] Level 1:colcon.colcon_core.package_identification:_identify(src) by extension 'python_setup_py'
[1.788s] Level 1:colcon.colcon_core.package_identification:_identify(src/picar_control) by extensions ['ignore', 'ignore_ament_install']
[1.788s] Level 1:colcon.colcon_core.package_identification:_identify(src/picar_control) by extension 'ignore'
[1.788s] Level 1:colcon.colcon_core.package_identification:_identify(src/picar_control) by extension 'ignore_ament_install'
[1.789s] Level 1:colcon.colcon_core.package_identification:_identify(src/picar_control) by extensions ['colcon_pkg']
[1.789s] Level 1:colcon.colcon_core.package_identification:_identify(src/picar_control) by extension 'colcon_pkg'
[1.789s] Level 1:colcon.colcon_core.package_identification:_identify(src/picar_control) by extensions ['colcon_meta']
[1.789s] Level 1:colcon.colcon_core.package_identification:_identify(src/picar_control) by extension 'colcon_meta'
[1.790s] Level 1:colcon.colcon_core.package_identification:_identify(src/picar_control) by extensions ['ros']
[1.790s] Level 1:colcon.colcon_core.package_identification:_identify(src/picar_control) by extension 'ros'
[1.804s] DEBUG:colcon.colcon_core.package_identification:Package 'src/picar_control' with type 'ros.ament_python' and name 'picar_control'
[1.804s] Level 1:colcon.colcon_core.package_discovery:discover_packages(recursive) using defaults
[1.804s] Level 1:colcon.colcon_core.package_discovery:discover_packages(ignore) discover
[1.804s] Level 1:colcon.colcon_core.package_discovery:discover_packages(ignore) using defaults
[1.805s] Level 1:colcon.colcon_core.package_discovery:discover_packages(path) discover
[1.805s] Level 1:colcon.colcon_core.package_discovery:discover_packages(path) using defaults
[1.946s] Level 1:colcon.colcon_core.package_discovery:discover_packages(prefix_path) check parameters
[1.946s] Level 1:colcon.colcon_core.package_discovery:discover_packages(prefix_path) discover
[1.968s] DEBUG:colcon.colcon_installed_package_information.package_discovery:Found 1 installed packages in /home/chen/Laser/LaserTracking/ros2_ws/install
[1.991s] DEBUG:colcon.colcon_installed_package_information.package_discovery:Found 280 installed packages in /opt/ros/humble
[1.998s] Level 1:colcon.colcon_core.package_discovery:discover_packages(prefix_path) using defaults
[2.436s] Level 5:colcon.colcon_core.verb:set package 'picar_control' build argument 'cmake_args' from command line to 'None'
[2.436s] Level 5:colcon.colcon_core.verb:set package 'picar_control' build argument 'cmake_target' from command line to 'None'
[2.436s] Level 5:colcon.colcon_core.verb:set package 'picar_control' build argument 'cmake_target_skip_unavailable' from command line to 'False'
[2.436s] Level 5:colcon.colcon_core.verb:set package 'picar_control' build argument 'cmake_clean_cache' from command line to 'False'
[2.436s] Level 5:colcon.colcon_core.verb:set package 'picar_control' build argument 'cmake_clean_first' from command line to 'False'
[2.436s] Level 5:colcon.colcon_core.verb:set package 'picar_control' build argument 'cmake_force_configure' from command line to 'False'
[2.437s] Level 5:colcon.colcon_core.verb:set package 'picar_control' build argument 'ament_cmake_args' from command line to 'None'
[2.437s] Level 5:colcon.colcon_core.verb:set package 'picar_control' build argument 'catkin_cmake_args' from command line to 'None'
[2.437s] Level 5:colcon.colcon_core.verb:set package 'picar_control' build argument 'catkin_skip_building_tests' from command line to 'False'
[2.437s] DEBUG:colcon.colcon_core.verb:Building package 'picar_control' with the following arguments: {'ament_cmake_args': None, 'build_base': '/home/chen/Laser/LaserTracking/ros2_ws/build/picar_control', 'catkin_cmake_args': None, 'catkin_skip_building_tests': False, 'cmake_args': None, 'cmake_clean_cache': False, 'cmake_clean_first': False, 'cmake_force_configure': False, 'cmake_target': None, 'cmake_target_skip_unavailable': False, 'install_base': '/home/chen/Laser/LaserTracking/ros2_ws/install/picar_control', 'merge_install': False, 'path': '/home/chen/Laser/LaserTracking/ros2_ws/src/picar_control', 'symlink_install': False, 'test_result_base': None}
[2.438s] INFO:colcon.colcon_core.executor:Executing jobs using 'parallel' executor
[2.441s] DEBUG:colcon.colcon_parallel_executor.executor.parallel:run_until_complete
[2.442s] INFO:colcon.colcon_ros.task.ament_python.build:Building ROS package in '/home/chen/Laser/LaserTracking/ros2_ws/src/picar_control' with build type 'ament_python'
[2.443s] Level 1:colcon.colcon_core.shell:create_environment_hook('picar_control', 'ament_prefix_path')
[2.464s] INFO:colcon.colcon_core.plugin_system:Skipping extension 'colcon_core.shell.bat': Not used on non-Windows systems
[2.466s] INFO:colcon.colcon_core.shell:Creating environment hook '/home/chen/Laser/LaserTracking/ros2_ws/install/picar_control/share/picar_control/hook/ament_prefix_path.ps1'
[2.471s] INFO:colcon.colcon_core.shell:Creating environment descriptor '/home/chen/Laser/LaserTracking/ros2_ws/install/picar_control/share/picar_control/hook/ament_prefix_path.dsv'
[2.475s] INFO:colcon.colcon_core.shell:Creating environment hook '/home/chen/Laser/LaserTracking/ros2_ws/install/picar_control/share/picar_control/hook/ament_prefix_path.sh'
[2.480s] INFO:colcon.colcon_core.shell:Skip shell extension 'powershell' for command environment: Not usable outside of PowerShell
[2.480s] DEBUG:colcon.colcon_core.shell:Skip shell extension 'dsv' for command environment
[3.475s] INFO:colcon.colcon_core.task.python.build:Building Python package in '/home/chen/Laser/LaserTracking/ros2_ws/src/picar_control'
[3.476s] INFO:colcon.colcon_core.shell:Skip shell extension 'powershell' for command environment: Not usable outside of PowerShell
[3.477s] DEBUG:colcon.colcon_core.shell:Skip shell extension 'dsv' for command environment
[7.224s] DEBUG:colcon.colcon_core.event_handler.log_command:Invoking command in '/home/chen/Laser/LaserTracking/ros2_ws/src/picar_control': PYTHONPATH=/home/chen/Laser/LaserTracking/ros2_ws/build/picar_control/prefix_override:/usr/lib/python3/dist-packages/colcon_core/task/python/colcon_distutils_commands:/home/chen/Laser/LaserTracking/ros2_ws/install/picar_control/lib/python3.10/site-packages:${PYTHONPATH} /usr/bin/python3 -W ignore:setup.py install is deprecated -W ignore:easy_install command is deprecated setup.py egg_info --egg-base ../../build/picar_control build --build-base /home/chen/Laser/LaserTracking/ros2_ws/build/picar_control/build install --record /home/chen/Laser/LaserTracking/ros2_ws/build/picar_control/install.log --single-version-externally-managed install_data
[9.856s] DEBUG:colcon.colcon_core.event_handler.log_command:Invoked command in '/home/chen/Laser/LaserTracking/ros2_ws/src/picar_control' returned '0': PYTHONPATH=/home/chen/Laser/LaserTracking/ros2_ws/build/picar_control/prefix_override:/usr/lib/python3/dist-packages/colcon_core/task/python/colcon_distutils_commands:/home/chen/Laser/LaserTracking/ros2_ws/install/picar_control/lib/python3.10/site-packages:${PYTHONPATH} /usr/bin/python3 -W ignore:setup.py install is deprecated -W ignore:easy_install command is deprecated setup.py egg_info --egg-base ../../build/picar_control build --build-base /home/chen/Laser/LaserTracking/ros2_ws/build/picar_control/build install --record /home/chen/Laser/LaserTracking/ros2_ws/build/picar_control/install.log --single-version-externally-managed install_data
[9.884s] Level 1:colcon.colcon_core.environment:checking '/home/chen/Laser/LaserTracking/ros2_ws/install/picar_control' for CMake module files
[9.888s] Level 1:colcon.colcon_core.environment:checking '/home/chen/Laser/LaserTracking/ros2_ws/install/picar_control' for CMake config files
[9.895s] Level 1:colcon.colcon_core.environment:checking '/home/chen/Laser/LaserTracking/ros2_ws/install/picar_control/lib'
[9.896s] Level 1:colcon.colcon_core.environment:checking '/home/chen/Laser/LaserTracking/ros2_ws/install/picar_control/bin'
[9.896s] Level 1:colcon.colcon_core.environment:checking '/home/chen/Laser/LaserTracking/ros2_ws/install/picar_control/lib/pkgconfig/picar_control.pc'
[9.897s] Level 1:colcon.colcon_core.environment:checking '/home/chen/Laser/LaserTracking/ros2_ws/install/picar_control/lib/python3.10/site-packages'
[9.898s] Level 1:colcon.colcon_core.shell:create_environment_hook('picar_control', 'pythonpath')
[9.898s] INFO:colcon.colcon_core.shell:Creating environment hook '/home/chen/Laser/LaserTracking/ros2_ws/install/picar_control/share/picar_control/hook/pythonpath.ps1'
[9.902s] INFO:colcon.colcon_core.shell:Creating environment descriptor '/home/chen/Laser/LaserTracking/ros2_ws/install/picar_control/share/picar_control/hook/pythonpath.dsv'
[9.904s] INFO:colcon.colcon_core.shell:Creating environment hook '/home/chen/Laser/LaserTracking/ros2_ws/install/picar_control/share/picar_control/hook/pythonpath.sh'
[9.909s] Level 1:colcon.colcon_core.environment:checking '/home/chen/Laser/LaserTracking/ros2_ws/install/picar_control/bin'
[9.909s] Level 1:colcon.colcon_core.environment:create_environment_scripts_only(picar_control)
[9.911s] INFO:colcon.colcon_core.shell:Creating package script '/home/chen/Laser/LaserTracking/ros2_ws/install/picar_control/share/picar_control/package.ps1'
[9.917s] INFO:colcon.colcon_core.shell:Creating package descriptor '/home/chen/Laser/LaserTracking/ros2_ws/install/picar_control/share/picar_control/package.dsv'
[9.921s] INFO:colcon.colcon_core.shell:Creating package script '/home/chen/Laser/LaserTracking/ros2_ws/install/picar_control/share/picar_control/package.sh'
[9.927s] INFO:colcon.colcon_core.shell:Creating package script '/home/chen/Laser/LaserTracking/ros2_ws/install/picar_control/share/picar_control/package.bash'
[9.932s] INFO:colcon.colcon_core.shell:Creating package script '/home/chen/Laser/LaserTracking/ros2_ws/install/picar_control/share/picar_control/package.zsh'
[9.938s] Level 1:colcon.colcon_core.environment:create_file_with_runtime_dependencies(/home/chen/Laser/LaserTracking/ros2_ws/install/picar_control/share/colcon-core/packages/picar_control)
[9.940s] DEBUG:colcon.colcon_parallel_executor.executor.parallel:closing loop
[9.944s] DEBUG:colcon.colcon_parallel_executor.executor.parallel:loop closed
[9.944s] DEBUG:colcon.colcon_parallel_executor.executor.parallel:run_until_complete finished with '0'
[9.944s] DEBUG:colcon.colcon_core.event_reactor:joining thread
[9.992s] INFO:colcon.colcon_core.plugin_system:Skipping extension 'colcon_notification.desktop_notification.notify_send': Could not find 'notify-send'
[9.992s] INFO:colcon.colcon_core.plugin_system:Skipping extension 'colcon_notification.desktop_notification.terminal_notifier': Not used on non-Darwin systems
[9.993s] INFO:colcon.colcon_core.plugin_system:Skipping extension 'colcon_notification.desktop_notification.win32': Not used on non-Windows systems
[9.993s] INFO:colcon.colcon_notification.desktop_notification:Sending desktop notification using 'notify2'
[10.012s] DEBUG:colcon.colcon_notification.desktop_notification.notify2:Failed to initialize notify2: org.freedesktop.DBus.Error.ServiceUnknown: The name org.freedesktop.Notifications was not provided by any .service files
[10.013s] DEBUG:colcon.colcon_core.event_reactor:joined thread
[10.014s] INFO:colcon.colcon_core.shell:Creating prefix script '/home/chen/Laser/LaserTracking/ros2_ws/install/local_setup.ps1'
[10.021s] INFO:colcon.colcon_core.shell:Creating prefix util module '/home/chen/Laser/LaserTracking/ros2_ws/install/_local_setup_util_ps1.py'
[10.030s] INFO:colcon.colcon_core.shell:Creating prefix chain script '/home/chen/Laser/LaserTracking/ros2_ws/install/setup.ps1'
[10.036s] INFO:colcon.colcon_core.shell:Creating prefix script '/home/chen/Laser/LaserTracking/ros2_ws/install/local_setup.sh'
[10.041s] INFO:colcon.colcon_core.shell:Creating prefix util module '/home/chen/Laser/LaserTracking/ros2_ws/install/_local_setup_util_sh.py'
[10.044s] INFO:colcon.colcon_core.shell:Creating prefix chain script '/home/chen/Laser/LaserTracking/ros2_ws/install/setup.sh'
[10.049s] INFO:colcon.colcon_core.shell:Creating prefix script '/home/chen/Laser/LaserTracking/ros2_ws/install/local_setup.bash'
[10.053s] INFO:colcon.colcon_core.shell:Creating prefix chain script '/home/chen/Laser/LaserTracking/ros2_ws/install/setup.bash'
[10.058s] INFO:colcon.colcon_core.shell:Creating prefix script '/home/chen/Laser/LaserTracking/ros2_ws/install/local_setup.zsh'
[10.062s] INFO:colcon.colcon_core.shell:Creating prefix chain script '/home/chen/Laser/LaserTracking/ros2_ws/install/setup.zsh'
