/home/chen/Laser/LaserTracking/ros2_ws/install/picar_control/lib/python3.10/site-packages/picar_control/camera_servo_subscriber.py
/home/chen/Laser/LaserTracking/ros2_ws/install/picar_control/lib/python3.10/site-packages/picar_control/__init__.py
/home/chen/Laser/LaserTracking/ros2_ws/install/picar_control/lib/python3.10/site-packages/picar_control/camera_publisher.py
/home/chen/Laser/LaserTracking/ros2_ws/install/picar_control/lib/python3.10/site-packages/picar_control/obstacle_avoidance.py
/home/chen/Laser/LaserTracking/ros2_ws/install/picar_control/lib/python3.10/site-packages/picar_control/steer_servo_subscriber.py
/home/chen/Laser/LaserTracking/ros2_ws/install/picar_control/lib/python3.10/site-packages/picar_control/motor_subscriber.py
/home/chen/Laser/LaserTracking/ros2_ws/install/picar_control/lib/python3.10/site-packages/picar_control/laser_tracker.py
/home/chen/Laser/LaserTracking/ros2_ws/install/picar_control/lib/python3.10/site-packages/picar_control/lidar_publisher.py
/home/chen/Laser/LaserTracking/ros2_ws/install/picar_control/lib/python3.10/site-packages/picar_control/__pycache__/camera_servo_subscriber.cpython-310.pyc
/home/chen/Laser/LaserTracking/ros2_ws/install/picar_control/lib/python3.10/site-packages/picar_control/__pycache__/__init__.cpython-310.pyc
/home/chen/Laser/LaserTracking/ros2_ws/install/picar_control/lib/python3.10/site-packages/picar_control/__pycache__/camera_publisher.cpython-310.pyc
/home/chen/Laser/LaserTracking/ros2_ws/install/picar_control/lib/python3.10/site-packages/picar_control/__pycache__/obstacle_avoidance.cpython-310.pyc
/home/chen/Laser/LaserTracking/ros2_ws/install/picar_control/lib/python3.10/site-packages/picar_control/__pycache__/steer_servo_subscriber.cpython-310.pyc
/home/chen/Laser/LaserTracking/ros2_ws/install/picar_control/lib/python3.10/site-packages/picar_control/__pycache__/motor_subscriber.cpython-310.pyc
/home/chen/Laser/LaserTracking/ros2_ws/install/picar_control/lib/python3.10/site-packages/picar_control/__pycache__/laser_tracker.cpython-310.pyc
/home/chen/Laser/LaserTracking/ros2_ws/install/picar_control/lib/python3.10/site-packages/picar_control/__pycache__/lidar_publisher.cpython-310.pyc
/home/chen/Laser/LaserTracking/ros2_ws/install/picar_control/share/ament_index/resource_index/packages/picar_control
/home/chen/Laser/LaserTracking/ros2_ws/install/picar_control/share/picar_control/package.xml
/home/chen/Laser/LaserTracking/ros2_ws/install/picar_control/share/picar_control/launch/picar_launch.py
/home/chen/Laser/LaserTracking/ros2_ws/install/picar_control/lib/python3.10/site-packages/picar_control-0.0.0-py3.10.egg-info/PKG-INFO
/home/chen/Laser/LaserTracking/ros2_ws/install/picar_control/lib/python3.10/site-packages/picar_control-0.0.0-py3.10.egg-info/top_level.txt
/home/chen/Laser/LaserTracking/ros2_ws/install/picar_control/lib/python3.10/site-packages/picar_control-0.0.0-py3.10.egg-info/SOURCES.txt
/home/chen/Laser/LaserTracking/ros2_ws/install/picar_control/lib/python3.10/site-packages/picar_control-0.0.0-py3.10.egg-info/entry_points.txt
/home/chen/Laser/LaserTracking/ros2_ws/install/picar_control/lib/python3.10/site-packages/picar_control-0.0.0-py3.10.egg-info/requires.txt
/home/chen/Laser/LaserTracking/ros2_ws/install/picar_control/lib/python3.10/site-packages/picar_control-0.0.0-py3.10.egg-info/dependency_links.txt
/home/chen/Laser/LaserTracking/ros2_ws/install/picar_control/lib/python3.10/site-packages/picar_control-0.0.0-py3.10.egg-info/zip-safe
/home/chen/Laser/LaserTracking/ros2_ws/install/picar_control/lib/picar_control/camera_publisher
/home/chen/Laser/LaserTracking/ros2_ws/install/picar_control/lib/picar_control/camera_servo_subscriber
/home/chen/Laser/LaserTracking/ros2_ws/install/picar_control/lib/picar_control/laser_tracker
/home/chen/Laser/LaserTracking/ros2_ws/install/picar_control/lib/picar_control/lidar_publisher
/home/chen/Laser/LaserTracking/ros2_ws/install/picar_control/lib/picar_control/motor_subscriber
/home/chen/Laser/LaserTracking/ros2_ws/install/picar_control/lib/picar_control/obstacle_avoidance
/home/chen/Laser/LaserTracking/ros2_ws/install/picar_control/lib/picar_control/steer_servo_subscriber
