[1.487s] DEBUG:colcon:Command line arguments: ['/usr/bin/colcon', 'build']
[1.488s] DEBUG:colcon:Parsed command line arguments: Namespace(log_base=None, log_level=None, verb_name='build', build_base='build', install_base='install', merge_install=False, symlink_install=False, test_result_base=None, continue_on_error=False, executor='parallel', parallel_workers=4, event_handlers=None, ignore_user_meta=False, metas=['./colcon.meta'], base_paths=['.'], packages_ignore=None, packages_ignore_regex=None, paths=None, packages_up_to=None, packages_up_to_regex=None, packages_above=None, packages_above_and_dependencies=None, packages_above_depth=None, packages_select_by_dep=None, packages_skip_by_dep=None, packages_skip_up_to=None, packages_select_build_failed=False, packages_skip_build_finished=False, packages_select_test_failures=False, packages_skip_test_passed=False, packages_select=None, packages_skip=None, packages_select_regex=None, packages_skip_regex=None, packages_start=None, packages_end=None, allow_overriding=[], cmake_args=None, cmake_target=None, cmake_target_skip_unavailable=False, cmake_clean_cache=False, cmake_clean_first=False, cmake_force_configure=False, ament_cmake_args=None, catkin_cmake_args=None, catkin_skip_building_tests=False, verb_parser=<colcon_defaults.argument_parser.defaults.DefaultArgumentsDecorator object at 0xffffba09c0d0>, verb_extension=<colcon_core.verb.build.BuildVerb object at 0xffffba23d4e0>, main=<bound method BuildVerb.main of <colcon_core.verb.build.BuildVerb object at 0xffffba23d4e0>>)
[1.820s] Level 1:colcon.colcon_core.package_discovery:discover_packages(colcon_meta) check parameters
[1.822s] Level 1:colcon.colcon_core.package_discovery:discover_packages(recursive) check parameters
[1.822s] Level 1:colcon.colcon_core.package_discovery:discover_packages(ignore) check parameters
[1.822s] Level 1:colcon.colcon_core.package_discovery:discover_packages(path) check parameters
[1.823s] Level 1:colcon.colcon_core.package_discovery:discover_packages(colcon_meta) discover
[1.823s] Level 1:colcon.colcon_core.package_discovery:discover_packages(recursive) discover
[1.823s] INFO:colcon.colcon_core.package_discovery:Crawling recursively for packages in '/home/chen/Laser/LaserTracking/ros2_ws'
[1.824s] Level 1:colcon.colcon_core.package_identification:_identify(.) by extensions ['ignore', 'ignore_ament_install']
[1.825s] Level 1:colcon.colcon_core.package_identification:_identify(.) by extension 'ignore'
[1.826s] Level 1:colcon.colcon_core.package_identification:_identify(.) by extension 'ignore_ament_install'
[1.826s] Level 1:colcon.colcon_core.package_identification:_identify(.) by extensions ['colcon_pkg']
[1.827s] Level 1:colcon.colcon_core.package_identification:_identify(.) by extension 'colcon_pkg'
[1.827s] Level 1:colcon.colcon_core.package_identification:_identify(.) by extensions ['colcon_meta']
[1.827s] Level 1:colcon.colcon_core.package_identification:_identify(.) by extension 'colcon_meta'
[1.828s] Level 1:colcon.colcon_core.package_identification:_identify(.) by extensions ['ros']
[1.828s] Level 1:colcon.colcon_core.package_identification:_identify(.) by extension 'ros'
[1.928s] Level 1:colcon.colcon_core.package_identification:_identify(.) by extensions ['cmake', 'python']
[1.929s] Level 1:colcon.colcon_core.package_identification:_identify(.) by extension 'cmake'
[1.930s] Level 1:colcon.colcon_core.package_identification:_identify(.) by extension 'python'
[1.931s] Level 1:colcon.colcon_core.package_identification:_identify(.) by extensions ['python_setup_py']
[1.932s] Level 1:colcon.colcon_core.package_identification:_identify(.) by extension 'python_setup_py'
[1.934s] Level 1:colcon.colcon_core.package_identification:_identify(build) by extensions ['ignore', 'ignore_ament_install']
[1.935s] Level 1:colcon.colcon_core.package_identification:_identify(build) by extension 'ignore'
[1.936s] Level 1:colcon.colcon_core.package_identification:_identify(build) ignored
[1.938s] Level 1:colcon.colcon_core.package_identification:_identify(install) by extensions ['ignore', 'ignore_ament_install']
[1.939s] Level 1:colcon.colcon_core.package_identification:_identify(install) by extension 'ignore'
[1.939s] Level 1:colcon.colcon_core.package_identification:_identify(install) ignored
[1.941s] Level 1:colcon.colcon_core.package_identification:_identify(log) by extensions ['ignore', 'ignore_ament_install']
[1.942s] Level 1:colcon.colcon_core.package_identification:_identify(log) by extension 'ignore'
[1.942s] Level 1:colcon.colcon_core.package_identification:_identify(log) ignored
[1.944s] Level 1:colcon.colcon_core.package_identification:_identify(src) by extensions ['ignore', 'ignore_ament_install']
[1.944s] Level 1:colcon.colcon_core.package_identification:_identify(src) by extension 'ignore'
[1.945s] Level 1:colcon.colcon_core.package_identification:_identify(src) by extension 'ignore_ament_install'
[1.945s] Level 1:colcon.colcon_core.package_identification:_identify(src) by extensions ['colcon_pkg']
[1.946s] Level 1:colcon.colcon_core.package_identification:_identify(src) by extension 'colcon_pkg'
[1.946s] Level 1:colcon.colcon_core.package_identification:_identify(src) by extensions ['colcon_meta']
[1.947s] Level 1:colcon.colcon_core.package_identification:_identify(src) by extension 'colcon_meta'
[1.947s] Level 1:colcon.colcon_core.package_identification:_identify(src) by extensions ['ros']
[1.947s] Level 1:colcon.colcon_core.package_identification:_identify(src) by extension 'ros'
[1.948s] Level 1:colcon.colcon_core.package_identification:_identify(src) by extensions ['cmake', 'python']
[1.948s] Level 1:colcon.colcon_core.package_identification:_identify(src) by extension 'cmake'
[1.948s] Level 1:colcon.colcon_core.package_identification:_identify(src) by extension 'python'
[1.949s] Level 1:colcon.colcon_core.package_identification:_identify(src) by extensions ['python_setup_py']
[1.949s] Level 1:colcon.colcon_core.package_identification:_identify(src) by extension 'python_setup_py'
[1.951s] Level 1:colcon.colcon_core.package_identification:_identify(src/picar_control) by extensions ['ignore', 'ignore_ament_install']
[1.952s] Level 1:colcon.colcon_core.package_identification:_identify(src/picar_control) by extension 'ignore'
[1.952s] Level 1:colcon.colcon_core.package_identification:_identify(src/picar_control) by extension 'ignore_ament_install'
[1.953s] Level 1:colcon.colcon_core.package_identification:_identify(src/picar_control) by extensions ['colcon_pkg']
[1.953s] Level 1:colcon.colcon_core.package_identification:_identify(src/picar_control) by extension 'colcon_pkg'
[1.953s] Level 1:colcon.colcon_core.package_identification:_identify(src/picar_control) by extensions ['colcon_meta']
[1.954s] Level 1:colcon.colcon_core.package_identification:_identify(src/picar_control) by extension 'colcon_meta'
[1.954s] Level 1:colcon.colcon_core.package_identification:_identify(src/picar_control) by extensions ['ros']
[1.954s] Level 1:colcon.colcon_core.package_identification:_identify(src/picar_control) by extension 'ros'
[1.972s] DEBUG:colcon.colcon_core.package_identification:Package 'src/picar_control' with type 'ros.ament_python' and name 'picar_control'
[1.973s] Level 1:colcon.colcon_core.package_discovery:discover_packages(recursive) using defaults
[1.973s] Level 1:colcon.colcon_core.package_discovery:discover_packages(ignore) discover
[1.974s] Level 1:colcon.colcon_core.package_discovery:discover_packages(ignore) using defaults
[1.974s] Level 1:colcon.colcon_core.package_discovery:discover_packages(path) discover
[1.974s] Level 1:colcon.colcon_core.package_discovery:discover_packages(path) using defaults
[2.123s] Level 1:colcon.colcon_core.package_discovery:discover_packages(prefix_path) check parameters
[2.123s] Level 1:colcon.colcon_core.package_discovery:discover_packages(prefix_path) discover
[2.147s] DEBUG:colcon.colcon_installed_package_information.package_discovery:Found 1 installed packages in /home/chen/Laser/LaserTracking/ros2_ws/install
[2.161s] DEBUG:colcon.colcon_installed_package_information.package_discovery:Found 280 installed packages in /opt/ros/humble
[2.167s] Level 1:colcon.colcon_core.package_discovery:discover_packages(prefix_path) using defaults
[2.660s] Level 5:colcon.colcon_core.verb:set package 'picar_control' build argument 'cmake_args' from command line to 'None'
[2.660s] Level 5:colcon.colcon_core.verb:set package 'picar_control' build argument 'cmake_target' from command line to 'None'
[2.661s] Level 5:colcon.colcon_core.verb:set package 'picar_control' build argument 'cmake_target_skip_unavailable' from command line to 'False'
[2.661s] Level 5:colcon.colcon_core.verb:set package 'picar_control' build argument 'cmake_clean_cache' from command line to 'False'
[2.661s] Level 5:colcon.colcon_core.verb:set package 'picar_control' build argument 'cmake_clean_first' from command line to 'False'
[2.661s] Level 5:colcon.colcon_core.verb:set package 'picar_control' build argument 'cmake_force_configure' from command line to 'False'
[2.661s] Level 5:colcon.colcon_core.verb:set package 'picar_control' build argument 'ament_cmake_args' from command line to 'None'
[2.661s] Level 5:colcon.colcon_core.verb:set package 'picar_control' build argument 'catkin_cmake_args' from command line to 'None'
[2.662s] Level 5:colcon.colcon_core.verb:set package 'picar_control' build argument 'catkin_skip_building_tests' from command line to 'False'
[2.662s] DEBUG:colcon.colcon_core.verb:Building package 'picar_control' with the following arguments: {'ament_cmake_args': None, 'build_base': '/home/chen/Laser/LaserTracking/ros2_ws/build/picar_control', 'catkin_cmake_args': None, 'catkin_skip_building_tests': False, 'cmake_args': None, 'cmake_clean_cache': False, 'cmake_clean_first': False, 'cmake_force_configure': False, 'cmake_target': None, 'cmake_target_skip_unavailable': False, 'install_base': '/home/chen/Laser/LaserTracking/ros2_ws/install/picar_control', 'merge_install': False, 'path': '/home/chen/Laser/LaserTracking/ros2_ws/src/picar_control', 'symlink_install': False, 'test_result_base': None}
[2.663s] INFO:colcon.colcon_core.executor:Executing jobs using 'parallel' executor
[2.666s] DEBUG:colcon.colcon_parallel_executor.executor.parallel:run_until_complete
[2.668s] INFO:colcon.colcon_ros.task.ament_python.build:Building ROS package in '/home/chen/Laser/LaserTracking/ros2_ws/src/picar_control' with build type 'ament_python'
[2.669s] Level 1:colcon.colcon_core.shell:create_environment_hook('picar_control', 'ament_prefix_path')
[2.693s] INFO:colcon.colcon_core.plugin_system:Skipping extension 'colcon_core.shell.bat': Not used on non-Windows systems
[2.695s] INFO:colcon.colcon_core.shell:Creating environment hook '/home/chen/Laser/LaserTracking/ros2_ws/install/picar_control/share/picar_control/hook/ament_prefix_path.ps1'
[2.700s] INFO:colcon.colcon_core.shell:Creating environment descriptor '/home/chen/Laser/LaserTracking/ros2_ws/install/picar_control/share/picar_control/hook/ament_prefix_path.dsv'
[2.704s] INFO:colcon.colcon_core.shell:Creating environment hook '/home/chen/Laser/LaserTracking/ros2_ws/install/picar_control/share/picar_control/hook/ament_prefix_path.sh'
[2.709s] INFO:colcon.colcon_core.shell:Skip shell extension 'powershell' for command environment: Not usable outside of PowerShell
[2.709s] DEBUG:colcon.colcon_core.shell:Skip shell extension 'dsv' for command environment
[3.914s] INFO:colcon.colcon_core.task.python.build:Building Python package in '/home/chen/Laser/LaserTracking/ros2_ws/src/picar_control'
[3.915s] INFO:colcon.colcon_core.shell:Skip shell extension 'powershell' for command environment: Not usable outside of PowerShell
[3.916s] DEBUG:colcon.colcon_core.shell:Skip shell extension 'dsv' for command environment
[10.859s] DEBUG:colcon.colcon_core.event_handler.log_command:Invoking command in '/home/chen/Laser/LaserTracking/ros2_ws/src/picar_control': PYTHONPATH=/home/chen/Laser/LaserTracking/ros2_ws/build/picar_control/prefix_override:/usr/lib/python3/dist-packages/colcon_core/task/python/colcon_distutils_commands:/home/chen/Laser/LaserTracking/ros2_ws/install/picar_control/lib/python3.10/site-packages:${PYTHONPATH} /usr/bin/python3 -W ignore:setup.py install is deprecated -W ignore:easy_install command is deprecated setup.py egg_info --egg-base ../../build/picar_control build --build-base /home/chen/Laser/LaserTracking/ros2_ws/build/picar_control/build install --record /home/chen/Laser/LaserTracking/ros2_ws/build/picar_control/install.log --single-version-externally-managed install_data
[15.286s] DEBUG:colcon.colcon_core.event_handler.log_command:Invoked command in '/home/chen/Laser/LaserTracking/ros2_ws/src/picar_control' returned '0': PYTHONPATH=/home/chen/Laser/LaserTracking/ros2_ws/build/picar_control/prefix_override:/usr/lib/python3/dist-packages/colcon_core/task/python/colcon_distutils_commands:/home/chen/Laser/LaserTracking/ros2_ws/install/picar_control/lib/python3.10/site-packages:${PYTHONPATH} /usr/bin/python3 -W ignore:setup.py install is deprecated -W ignore:easy_install command is deprecated setup.py egg_info --egg-base ../../build/picar_control build --build-base /home/chen/Laser/LaserTracking/ros2_ws/build/picar_control/build install --record /home/chen/Laser/LaserTracking/ros2_ws/build/picar_control/install.log --single-version-externally-managed install_data
[15.323s] Level 1:colcon.colcon_core.environment:checking '/home/chen/Laser/LaserTracking/ros2_ws/install/picar_control' for CMake module files
[15.327s] Level 1:colcon.colcon_core.environment:checking '/home/chen/Laser/LaserTracking/ros2_ws/install/picar_control' for CMake config files
[15.335s] Level 1:colcon.colcon_core.environment:checking '/home/chen/Laser/LaserTracking/ros2_ws/install/picar_control/lib'
[15.336s] Level 1:colcon.colcon_core.environment:checking '/home/chen/Laser/LaserTracking/ros2_ws/install/picar_control/bin'
[15.337s] Level 1:colcon.colcon_core.environment:checking '/home/chen/Laser/LaserTracking/ros2_ws/install/picar_control/lib/pkgconfig/picar_control.pc'
[15.338s] Level 1:colcon.colcon_core.environment:checking '/home/chen/Laser/LaserTracking/ros2_ws/install/picar_control/lib/python3.10/site-packages'
[15.339s] Level 1:colcon.colcon_core.shell:create_environment_hook('picar_control', 'pythonpath')
[15.340s] INFO:colcon.colcon_core.shell:Creating environment hook '/home/chen/Laser/LaserTracking/ros2_ws/install/picar_control/share/picar_control/hook/pythonpath.ps1'
[15.343s] INFO:colcon.colcon_core.shell:Creating environment descriptor '/home/chen/Laser/LaserTracking/ros2_ws/install/picar_control/share/picar_control/hook/pythonpath.dsv'
[15.346s] INFO:colcon.colcon_core.shell:Creating environment hook '/home/chen/Laser/LaserTracking/ros2_ws/install/picar_control/share/picar_control/hook/pythonpath.sh'
[15.349s] Level 1:colcon.colcon_core.environment:checking '/home/chen/Laser/LaserTracking/ros2_ws/install/picar_control/bin'
[15.350s] Level 1:colcon.colcon_core.environment:create_environment_scripts_only(picar_control)
[15.352s] INFO:colcon.colcon_core.shell:Creating package script '/home/chen/Laser/LaserTracking/ros2_ws/install/picar_control/share/picar_control/package.ps1'
[15.357s] INFO:colcon.colcon_core.shell:Creating package descriptor '/home/chen/Laser/LaserTracking/ros2_ws/install/picar_control/share/picar_control/package.dsv'
[15.366s] INFO:colcon.colcon_core.shell:Creating package script '/home/chen/Laser/LaserTracking/ros2_ws/install/picar_control/share/picar_control/package.sh'
[15.375s] INFO:colcon.colcon_core.shell:Creating package script '/home/chen/Laser/LaserTracking/ros2_ws/install/picar_control/share/picar_control/package.bash'
[15.387s] INFO:colcon.colcon_core.shell:Creating package script '/home/chen/Laser/LaserTracking/ros2_ws/install/picar_control/share/picar_control/package.zsh'
[15.400s] Level 1:colcon.colcon_core.environment:create_file_with_runtime_dependencies(/home/chen/Laser/LaserTracking/ros2_ws/install/picar_control/share/colcon-core/packages/picar_control)
[15.402s] DEBUG:colcon.colcon_parallel_executor.executor.parallel:closing loop
[15.404s] DEBUG:colcon.colcon_parallel_executor.executor.parallel:loop closed
[15.405s] DEBUG:colcon.colcon_parallel_executor.executor.parallel:run_until_complete finished with '0'
[15.405s] DEBUG:colcon.colcon_core.event_reactor:joining thread
[15.463s] INFO:colcon.colcon_core.plugin_system:Skipping extension 'colcon_notification.desktop_notification.notify_send': Could not find 'notify-send'
[15.463s] INFO:colcon.colcon_core.plugin_system:Skipping extension 'colcon_notification.desktop_notification.terminal_notifier': Not used on non-Darwin systems
[15.464s] INFO:colcon.colcon_core.plugin_system:Skipping extension 'colcon_notification.desktop_notification.win32': Not used on non-Windows systems
[15.464s] INFO:colcon.colcon_notification.desktop_notification:Sending desktop notification using 'notify2'
[15.482s] DEBUG:colcon.colcon_notification.desktop_notification.notify2:Failed to initialize notify2: org.freedesktop.DBus.Error.ServiceUnknown: The name org.freedesktop.Notifications was not provided by any .service files
[15.483s] DEBUG:colcon.colcon_core.event_reactor:joined thread
[15.485s] INFO:colcon.colcon_core.shell:Creating prefix script '/home/chen/Laser/LaserTracking/ros2_ws/install/local_setup.ps1'
[15.491s] INFO:colcon.colcon_core.shell:Creating prefix util module '/home/chen/Laser/LaserTracking/ros2_ws/install/_local_setup_util_ps1.py'
[15.501s] INFO:colcon.colcon_core.shell:Creating prefix chain script '/home/chen/Laser/LaserTracking/ros2_ws/install/setup.ps1'
[15.510s] INFO:colcon.colcon_core.shell:Creating prefix script '/home/chen/Laser/LaserTracking/ros2_ws/install/local_setup.sh'
[15.519s] INFO:colcon.colcon_core.shell:Creating prefix util module '/home/chen/Laser/LaserTracking/ros2_ws/install/_local_setup_util_sh.py'
[15.524s] INFO:colcon.colcon_core.shell:Creating prefix chain script '/home/chen/Laser/LaserTracking/ros2_ws/install/setup.sh'
[15.531s] INFO:colcon.colcon_core.shell:Creating prefix script '/home/chen/Laser/LaserTracking/ros2_ws/install/local_setup.bash'
[15.538s] INFO:colcon.colcon_core.shell:Creating prefix chain script '/home/chen/Laser/LaserTracking/ros2_ws/install/setup.bash'
[15.545s] INFO:colcon.colcon_core.shell:Creating prefix script '/home/chen/Laser/LaserTracking/ros2_ws/install/local_setup.zsh'
[15.552s] INFO:colcon.colcon_core.shell:Creating prefix chain script '/home/chen/Laser/LaserTracking/ros2_ws/install/setup.zsh'
