[4.544s] Invoking command in '/home/chen/Laser/LaserTracking/ros2_ws/src/picar_control': PYTHONPATH=/home/chen/Laser/LaserTracking/ros2_ws/build/picar_control/prefix_override:/usr/lib/python3/dist-packages/colcon_core/task/python/colcon_distutils_commands:/home/chen/Laser/LaserTracking/ros2_ws/install/picar_control/lib/python3.10/site-packages:${PYTHONPATH} /usr/bin/python3 -W ignore:setup.py install is deprecated -W ignore:easy_install command is deprecated setup.py egg_info --egg-base ../../build/picar_control build --build-base /home/chen/Laser/LaserTracking/ros2_ws/build/picar_control/build install --record /home/chen/Laser/LaserTracking/ros2_ws/build/picar_control/install.log --single-version-externally-managed install_data
[5.620s] running egg_info
[5.622s] creating ../../build/picar_control/picar_control.egg-info
[5.690s] writing ../../build/picar_control/picar_control.egg-info/PKG-INFO
[5.692s] writing dependency_links to ../../build/picar_control/picar_control.egg-info/dependency_links.txt
[5.693s] writing entry points to ../../build/picar_control/picar_control.egg-info/entry_points.txt
[5.694s] writing requirements to ../../build/picar_control/picar_control.egg-info/requires.txt
[5.695s] writing top-level names to ../../build/picar_control/picar_control.egg-info/top_level.txt
[5.696s] writing manifest file '../../build/picar_control/picar_control.egg-info/SOURCES.txt'
[5.847s] reading manifest file '../../build/picar_control/picar_control.egg-info/SOURCES.txt'
[5.852s] writing manifest file '../../build/picar_control/picar_control.egg-info/SOURCES.txt'
[5.853s] running build
[5.853s] running build_py
[5.855s] creating /home/chen/Laser/LaserTracking/ros2_ws/build/picar_control/build
[5.856s] creating /home/chen/Laser/LaserTracking/ros2_ws/build/picar_control/build/lib
[5.857s] creating /home/chen/Laser/LaserTracking/ros2_ws/build/picar_control/build/lib/picar_control
[5.858s] copying picar_control/camera_servo_subscriber.py -> /home/chen/Laser/LaserTracking/ros2_ws/build/picar_control/build/lib/picar_control
[5.859s] copying picar_control/__init__.py -> /home/chen/Laser/LaserTracking/ros2_ws/build/picar_control/build/lib/picar_control
[5.861s] copying picar_control/camera_publisher.py -> /home/chen/Laser/LaserTracking/ros2_ws/build/picar_control/build/lib/picar_control
[5.862s] copying picar_control/obstacle_avoidance.py -> /home/chen/Laser/LaserTracking/ros2_ws/build/picar_control/build/lib/picar_control
[5.862s] copying picar_control/steer_servo_subscriber.py -> /home/chen/Laser/LaserTracking/ros2_ws/build/picar_control/build/lib/picar_control
[5.863s] copying picar_control/motor_subscriber.py -> /home/chen/Laser/LaserTracking/ros2_ws/build/picar_control/build/lib/picar_control
[5.864s] copying picar_control/laser_tracker.py -> /home/chen/Laser/LaserTracking/ros2_ws/build/picar_control/build/lib/picar_control
[5.865s] copying picar_control/lidar_publisher.py -> /home/chen/Laser/LaserTracking/ros2_ws/build/picar_control/build/lib/picar_control
[5.867s] running install
[5.889s] running install_lib
[5.960s] creating /home/chen/Laser/LaserTracking/ros2_ws/install/picar_control/lib/python3.10/site-packages/picar_control
[5.960s] copying /home/chen/Laser/LaserTracking/ros2_ws/build/picar_control/build/lib/picar_control/camera_servo_subscriber.py -> /home/chen/Laser/LaserTracking/ros2_ws/install/picar_control/lib/python3.10/site-packages/picar_control
[5.961s] copying /home/chen/Laser/LaserTracking/ros2_ws/build/picar_control/build/lib/picar_control/__init__.py -> /home/chen/Laser/LaserTracking/ros2_ws/install/picar_control/lib/python3.10/site-packages/picar_control
[5.962s] copying /home/chen/Laser/LaserTracking/ros2_ws/build/picar_control/build/lib/picar_control/camera_publisher.py -> /home/chen/Laser/LaserTracking/ros2_ws/install/picar_control/lib/python3.10/site-packages/picar_control
[5.963s] copying /home/chen/Laser/LaserTracking/ros2_ws/build/picar_control/build/lib/picar_control/obstacle_avoidance.py -> /home/chen/Laser/LaserTracking/ros2_ws/install/picar_control/lib/python3.10/site-packages/picar_control
[5.964s] copying /home/chen/Laser/LaserTracking/ros2_ws/build/picar_control/build/lib/picar_control/steer_servo_subscriber.py -> /home/chen/Laser/LaserTracking/ros2_ws/install/picar_control/lib/python3.10/site-packages/picar_control
[5.965s] copying /home/chen/Laser/LaserTracking/ros2_ws/build/picar_control/build/lib/picar_control/motor_subscriber.py -> /home/chen/Laser/LaserTracking/ros2_ws/install/picar_control/lib/python3.10/site-packages/picar_control
[5.966s] copying /home/chen/Laser/LaserTracking/ros2_ws/build/picar_control/build/lib/picar_control/laser_tracker.py -> /home/chen/Laser/LaserTracking/ros2_ws/install/picar_control/lib/python3.10/site-packages/picar_control
[5.967s] copying /home/chen/Laser/LaserTracking/ros2_ws/build/picar_control/build/lib/picar_control/lidar_publisher.py -> /home/chen/Laser/LaserTracking/ros2_ws/install/picar_control/lib/python3.10/site-packages/picar_control
[5.970s] byte-compiling /home/chen/Laser/LaserTracking/ros2_ws/install/picar_control/lib/python3.10/site-packages/picar_control/camera_servo_subscriber.py to camera_servo_subscriber.cpython-310.pyc
[5.973s] byte-compiling /home/chen/Laser/LaserTracking/ros2_ws/install/picar_control/lib/python3.10/site-packages/picar_control/__init__.py to __init__.cpython-310.pyc
[5.974s] byte-compiling /home/chen/Laser/LaserTracking/ros2_ws/install/picar_control/lib/python3.10/site-packages/picar_control/camera_publisher.py to camera_publisher.cpython-310.pyc
[5.977s] byte-compiling /home/chen/Laser/LaserTracking/ros2_ws/install/picar_control/lib/python3.10/site-packages/picar_control/obstacle_avoidance.py to obstacle_avoidance.cpython-310.pyc
[5.980s] byte-compiling /home/chen/Laser/LaserTracking/ros2_ws/install/picar_control/lib/python3.10/site-packages/picar_control/steer_servo_subscriber.py to steer_servo_subscriber.cpython-310.pyc
[5.983s] byte-compiling /home/chen/Laser/LaserTracking/ros2_ws/install/picar_control/lib/python3.10/site-packages/picar_control/motor_subscriber.py to motor_subscriber.cpython-310.pyc
[5.985s] byte-compiling /home/chen/Laser/LaserTracking/ros2_ws/install/picar_control/lib/python3.10/site-packages/picar_control/laser_tracker.py to laser_tracker.cpython-310.pyc
[5.986s] byte-compiling /home/chen/Laser/LaserTracking/ros2_ws/install/picar_control/lib/python3.10/site-packages/picar_control/lidar_publisher.py to lidar_publisher.cpython-310.pyc
[5.989s] running install_data
[5.990s] creating /home/chen/Laser/LaserTracking/ros2_ws/install/picar_control/share/ament_index
[5.990s] creating /home/chen/Laser/LaserTracking/ros2_ws/install/picar_control/share/ament_index/resource_index
[5.991s] creating /home/chen/Laser/LaserTracking/ros2_ws/install/picar_control/share/ament_index/resource_index/packages
[5.991s] copying resource/picar_control -> /home/chen/Laser/LaserTracking/ros2_ws/install/picar_control/share/ament_index/resource_index/packages
[5.994s] copying package.xml -> /home/chen/Laser/LaserTracking/ros2_ws/install/picar_control/share/picar_control
[5.994s] creating /home/chen/Laser/LaserTracking/ros2_ws/install/picar_control/share/picar_control/launch
[5.995s] running install_egg_info
[6.086s] Copying ../../build/picar_control/picar_control.egg-info to /home/chen/Laser/LaserTracking/ros2_ws/install/picar_control/lib/python3.10/site-packages/picar_control-0.0.0-py3.10.egg-info
[6.091s] running install_scripts
[7.450s] Installing camera_publisher script to /home/chen/Laser/LaserTracking/ros2_ws/install/picar_control/lib/picar_control
[7.451s] Installing camera_servo_subscriber script to /home/chen/Laser/LaserTracking/ros2_ws/install/picar_control/lib/picar_control
[7.454s] Installing laser_tracker script to /home/chen/Laser/LaserTracking/ros2_ws/install/picar_control/lib/picar_control
[7.458s] Installing lidar_publisher script to /home/chen/Laser/LaserTracking/ros2_ws/install/picar_control/lib/picar_control
[7.461s] Installing motor_subscriber script to /home/chen/Laser/LaserTracking/ros2_ws/install/picar_control/lib/picar_control
[7.465s] Installing open_space_detector script to /home/chen/Laser/LaserTracking/ros2_ws/install/picar_control/lib/picar_control
[7.467s] Installing steer_servo_subscriber script to /home/chen/Laser/LaserTracking/ros2_ws/install/picar_control/lib/picar_control
[7.468s] writing list of installed files to '/home/chen/Laser/LaserTracking/ros2_ws/build/picar_control/install.log'
[7.627s] Invoked command in '/home/chen/Laser/LaserTracking/ros2_ws/src/picar_control' returned '0': PYTHONPATH=/home/chen/Laser/LaserTracking/ros2_ws/build/picar_control/prefix_override:/usr/lib/python3/dist-packages/colcon_core/task/python/colcon_distutils_commands:/home/chen/Laser/LaserTracking/ros2_ws/install/picar_control/lib/python3.10/site-packages:${PYTHONPATH} /usr/bin/python3 -W ignore:setup.py install is deprecated -W ignore:easy_install command is deprecated setup.py egg_info --egg-base ../../build/picar_control build --build-base /home/chen/Laser/LaserTracking/ros2_ws/build/picar_control/build install --record /home/chen/Laser/LaserTracking/ros2_ws/build/picar_control/install.log --single-version-externally-managed install_data
