[4.355s] Invoking command in '/home/chen/Laser/LaserTracking/ros2_ws/src/picar_control': PYTHONPATH=/home/chen/Laser/LaserTracking/ros2_ws/build/picar_control/prefix_override:/usr/lib/python3/dist-packages/colcon_core/task/python/colcon_distutils_commands:/home/chen/Laser/LaserTracking/ros2_ws/install/picar_control/lib/python3.10/site-packages:${PYTHONPATH} /usr/bin/python3 -W ignore:setup.py install is deprecated -W ignore:easy_install command is deprecated setup.py egg_info --egg-base ../../build/picar_control build --build-base /home/chen/Laser/LaserTracking/ros2_ws/build/picar_control/build install --record /home/chen/Laser/LaserTracking/ros2_ws/build/picar_control/install.log --single-version-externally-managed install_data
[5.455s] running egg_info
[5.527s] writing ../../build/picar_control/picar_control.egg-info/PKG-INFO
[5.530s] writing dependency_links to ../../build/picar_control/picar_control.egg-info/dependency_links.txt
[5.532s] writing entry points to ../../build/picar_control/picar_control.egg-info/entry_points.txt
[5.533s] writing requirements to ../../build/picar_control/picar_control.egg-info/requires.txt
[5.534s] writing top-level names to ../../build/picar_control/picar_control.egg-info/top_level.txt
[5.688s] reading manifest file '../../build/picar_control/picar_control.egg-info/SOURCES.txt'
[5.697s] writing manifest file '../../build/picar_control/picar_control.egg-info/SOURCES.txt'
[5.699s] running build
[5.700s] running build_py
[5.700s] copying picar_control/obstacle_avoidance.py -> /home/chen/Laser/LaserTracking/ros2_ws/build/picar_control/build/lib/picar_control
[5.703s] copying picar_control/lidar_publisher.py -> /home/chen/Laser/LaserTracking/ros2_ws/build/picar_control/build/lib/picar_control
[5.706s] running install
[5.728s] running install_lib
[5.801s] copying /home/chen/Laser/LaserTracking/ros2_ws/build/picar_control/build/lib/picar_control/obstacle_avoidance.py -> /home/chen/Laser/LaserTracking/ros2_ws/install/picar_control/lib/python3.10/site-packages/picar_control
[5.803s] copying /home/chen/Laser/LaserTracking/ros2_ws/build/picar_control/build/lib/picar_control/lidar_publisher.py -> /home/chen/Laser/LaserTracking/ros2_ws/install/picar_control/lib/python3.10/site-packages/picar_control
[5.807s] byte-compiling /home/chen/Laser/LaserTracking/ros2_ws/install/picar_control/lib/python3.10/site-packages/picar_control/obstacle_avoidance.py to obstacle_avoidance.cpython-310.pyc
[5.813s] byte-compiling /home/chen/Laser/LaserTracking/ros2_ws/install/picar_control/lib/python3.10/site-packages/picar_control/lidar_publisher.py to lidar_publisher.cpython-310.pyc
[5.820s] running install_data
[5.821s] running install_egg_info
[5.900s] removing '/home/chen/Laser/LaserTracking/ros2_ws/install/picar_control/lib/python3.10/site-packages/picar_control-0.0.0-py3.10.egg-info' (and everything under it)
[5.903s] Copying ../../build/picar_control/picar_control.egg-info to /home/chen/Laser/LaserTracking/ros2_ws/install/picar_control/lib/python3.10/site-packages/picar_control-0.0.0-py3.10.egg-info
[5.915s] running install_scripts
[6.733s] Installing camera_publisher script to /home/chen/Laser/LaserTracking/ros2_ws/install/picar_control/lib/picar_control
[6.734s] Installing camera_servo_subscriber script to /home/chen/Laser/LaserTracking/ros2_ws/install/picar_control/lib/picar_control
[6.735s] Installing laser_tracker script to /home/chen/Laser/LaserTracking/ros2_ws/install/picar_control/lib/picar_control
[6.736s] Installing lidar_publisher script to /home/chen/Laser/LaserTracking/ros2_ws/install/picar_control/lib/picar_control
[6.737s] Installing motor_subscriber script to /home/chen/Laser/LaserTracking/ros2_ws/install/picar_control/lib/picar_control
[6.739s] Installing obstacle_avoidance script to /home/chen/Laser/LaserTracking/ros2_ws/install/picar_control/lib/picar_control
[6.740s] Installing steer_servo_subscriber script to /home/chen/Laser/LaserTracking/ros2_ws/install/picar_control/lib/picar_control
[6.742s] writing list of installed files to '/home/chen/Laser/LaserTracking/ros2_ws/build/picar_control/install.log'
[6.876s] Invoked command in '/home/chen/Laser/LaserTracking/ros2_ws/src/picar_control' returned '0': PYTHONPATH=/home/chen/Laser/LaserTracking/ros2_ws/build/picar_control/prefix_override:/usr/lib/python3/dist-packages/colcon_core/task/python/colcon_distutils_commands:/home/chen/Laser/LaserTracking/ros2_ws/install/picar_control/lib/python3.10/site-packages:${PYTHONPATH} /usr/bin/python3 -W ignore:setup.py install is deprecated -W ignore:easy_install command is deprecated setup.py egg_info --egg-base ../../build/picar_control build --build-base /home/chen/Laser/LaserTracking/ros2_ws/build/picar_control/build install --record /home/chen/Laser/LaserTracking/ros2_ws/build/picar_control/install.log --single-version-externally-managed install_data
